#
# There is insufficient memory for the Java Runtime Environment to continue.
# Native memory allocation (malloc) failed to allocate 32744 bytes. Error detail: Chunk::new
# Possible reasons:
#   The system is out of physical RAM or swap space
#   This process is running with CompressedOops enabled, and the Java Heap may be blocking the growth of the native heap
# Possible solutions:
#   Reduce memory load on the system
#   Increase physical memory or swap space
#   Check if swap backing store is full
#   Decrease Java heap size (-Xmx/-Xms)
#   Decrease number of Java threads
#   Decrease Java thread stack sizes (-Xss)
#   Set larger code cache with -XX:ReservedCodeCacheSize=
#   JVM is running with Unscaled Compressed Oops mode in which the Java heap is
#     placed in the first 4GB address space. The Java Heap base address is the
#     maximum limit for the native heap growth. Please use -XX:HeapBaseMinAddress
#     to set the Java Heap base and to place the Java Heap above 4GB virtual address.
# This output file may be truncated or incomplete.
#
#  Out of Memory Error (arena.cpp:150), pid=14352, tid=14552
#
# JRE version: Java(TM) SE Runtime Environment (22.0.2+9) (build 22.0.2+9-70)
# Java VM: Java HotSpot(TM) 64-Bit Server VM (22.0.2+9-70, mixed mode, sharing, tiered, compressed oops, compressed class ptrs, g1 gc, windows-amd64)
# No core dump will be written. Minidumps are not enabled by default on client versions of Windows
#

---------------  S U M M A R Y ------------

Command Line: -Dfile.encoding=UTF-8 --module-path=E:\DBATU\Job.Board.Platform\build\classes job.board.platform.JobSeekerDashboard

Host: Intel(R) Core(TM) i3-1005G1 CPU @ 1.20GHz, 4 cores, 3G,  Windows 11 , 64 bit Build 22621 (10.0.22621.4391)
Time: Fri Dec 13 03:22:46 2024 India Standard Time elapsed time: 2265.175822 seconds (0d 0h 37m 45s)

---------------  T H R E A D  ---------------

Current thread (0x00000226c1150430):  JavaThread "C2 CompilerThread0" daemon [_thread_in_native, id=14552, stack(0x0000003906600000,0x0000003906700000) (1024K)]


Current CompileTask:
C2:2265176 2567       4       java.util.HashSet::add (20 bytes)

Stack: [0x0000003906600000,0x0000003906700000]
Native frames: (J=compiled Java code, j=interpreted, Vv=VM code, C=native code)
V  [jvm.dll+0x6e26e9]  (no source info available)
V  [jvm.dll+0x875753]  (no source info available)
V  [jvm.dll+0x877b7e]  (no source info available)
V  [jvm.dll+0x878253]  (no source info available)
V  [jvm.dll+0x27fc86]  (no source info available)
V  [jvm.dll+0xc3d0f]  (no source info available)
V  [jvm.dll+0xc3f6b]  (no source info available)
V  [jvm.dll+0xb0404]  (no source info available)
V  [jvm.dll+0x66cb55]  (no source info available)
V  [jvm.dll+0x66c80e]  (no source info available)
V  [jvm.dll+0x67209d]  (no source info available)
V  [jvm.dll+0x673019]  (no source info available)
V  [jvm.dll+0x671355]  (no source info available)
V  [jvm.dll+0x247677]  (no source info available)
V  [jvm.dll+0x246e9f]  (no source info available)
V  [jvm.dll+0x1c4e80]  (no source info available)
V  [jvm.dll+0x2568f3]  (no source info available)
V  [jvm.dll+0x254baa]  (no source info available)
V  [jvm.dll+0x3f57a6]  (no source info available)
V  [jvm.dll+0x81dc0b]  (no source info available)
V  [jvm.dll+0x6e0d85]  (no source info available)
C  [ucrtbase.dll+0x29333]  (no source info available)
C  [KERNEL32.DLL+0x1259d]  (no source info available)
C  [ntdll.dll+0x5af38]  (no source info available)


---------------  P R O C E S S  ---------------

Threads class SMR info:
_java_thread_list=0x00000226c7472be0, length=17, elements={
0x00000226c1135950, 0x00000226c1136970, 0x00000226c1139fa0, 0x00000226c113cf60,
0x00000226c113dec0, 0x00000226c113ea10, 0x00000226c1150430, 0x00000226c1156f20,
0x00000226d263b130, 0x00000226c14e3230, 0x00000226c15c2860, 0x00000226c15cf3f0,
0x00000226c15d5940, 0x00000226c1645300, 0x00000226d02cf450, 0x00000226c7459ef0,
0x00000226c74e1180
}

Java Threads: ( => current thread )
  0x00000226c1135950 JavaThread "Reference Handler"          daemon [_thread_blocked, id=18224, stack(0x0000003906000000,0x0000003906100000) (1024K)]
  0x00000226c1136970 JavaThread "Finalizer"                  daemon [_thread_blocked, id=20320, stack(0x0000003906100000,0x0000003906200000) (1024K)]
  0x00000226c1139fa0 JavaThread "Signal Dispatcher"          daemon [_thread_blocked, id=17172, stack(0x0000003906200000,0x0000003906300000) (1024K)]
  0x00000226c113cf60 JavaThread "Attach Listener"            daemon [_thread_blocked, id=16496, stack(0x0000003906300000,0x0000003906400000) (1024K)]
  0x00000226c113dec0 JavaThread "Service Thread"             daemon [_thread_blocked, id=16148, stack(0x0000003906400000,0x0000003906500000) (1024K)]
  0x00000226c113ea10 JavaThread "Monitor Deflation Thread"   daemon [_thread_blocked, id=18696, stack(0x0000003906500000,0x0000003906600000) (1024K)]
=>0x00000226c1150430 JavaThread "C2 CompilerThread0"         daemon [_thread_in_native, id=14552, stack(0x0000003906600000,0x0000003906700000) (1024K)]
  0x00000226c1156f20 JavaThread "C1 CompilerThread0"         daemon [_thread_blocked, id=18700, stack(0x0000003906700000,0x0000003906800000) (1024K)]
  0x00000226d263b130 JavaThread "Common-Cleaner"             daemon [_thread_blocked, id=5084, stack(0x0000003906800000,0x0000003906900000) (1024K)]
  0x00000226c14e3230 JavaThread "Notification Thread"        daemon [_thread_blocked, id=11464, stack(0x0000003906900000,0x0000003906a00000) (1024K)]
  0x00000226c15c2860 JavaThread "Java2D Disposer"            daemon [_thread_blocked, id=18392, stack(0x0000003906a00000,0x0000003906b00000) (1024K)]
  0x00000226c15cf3f0 JavaThread "AWT-Shutdown"                      [_thread_blocked, id=2168, stack(0x0000003906b00000,0x0000003906c00000) (1024K)]
  0x00000226c15d5940 JavaThread "AWT-Windows"                daemon [_thread_in_native, id=19668, stack(0x0000003906c00000,0x0000003906d00000) (1024K)]
  0x00000226c1645300 JavaThread "AWT-EventQueue-0"                  [_thread_blocked, id=16936, stack(0x0000003906d00000,0x0000003906e00000) (1024K)]
  0x00000226d02cf450 JavaThread "DestroyJavaVM"                     [_thread_blocked, id=19076, stack(0x0000003905800000,0x0000003905900000) (1024K)]
  0x00000226c7459ef0 JavaThread "TimerQueue"                 daemon [_thread_blocked, id=15084, stack(0x0000003907100000,0x0000003907200000) (1024K)]
  0x00000226c74e1180 JavaThread "mysql-cj-abandoned-connection-cleanup" daemon [_thread_blocked, id=19256, stack(0x0000003907200000,0x0000003907300000) (1024K)]
Total: 17

Other Threads:
  0x00000226d264d4e0 VMThread "VM Thread"                           [id=20072, stack(0x0000003905f00000,0x0000003906000000) (1024K)]
  0x00000226c111d0e0 WatcherThread "VM Periodic Task Thread"        [id=20164, stack(0x0000003905e00000,0x0000003905f00000) (1024K)]
  0x00000226d25c2b90 WorkerThread "GC Thread#0"                     [id=19680, stack(0x0000003905900000,0x0000003905a00000) (1024K)]
  0x00000226c77c1ec0 WorkerThread "GC Thread#1"                     [id=19876, stack(0x0000003907300000,0x0000003907400000) (1024K)]
  0x00000226c79c01c0 WorkerThread "GC Thread#2"                     [id=17176, stack(0x0000003907400000,0x0000003907500000) (1024K)]
  0x00000226c79c0570 WorkerThread "GC Thread#3"                     [id=15280, stack(0x0000003907500000,0x0000003907600000) (1024K)]
  0x00000226d25cb440 ConcurrentGCThread "G1 Main Marker"            [id=19128, stack(0x0000003905a00000,0x0000003905b00000) (1024K)]
  0x00000226d25cc100 WorkerThread "G1 Conc#0"                       [id=15000, stack(0x0000003905b00000,0x0000003905c00000) (1024K)]
  0x00000226d2623d80 ConcurrentGCThread "G1 Refine#0"               [id=10276, stack(0x0000003905c00000,0x0000003905d00000) (1024K)]
  0x00000226d2624900 ConcurrentGCThread "G1 Service"                [id=18408, stack(0x0000003905d00000,0x0000003905e00000) (1024K)]
Total: 10

Threads with active compile tasks:
C2 CompilerThread0  2265432 2567       4       java.util.HashSet::add (20 bytes)
Total: 1

VM state: not at safepoint (normal execution)

VM Mutex/Monitor currently owned by a thread: None

Heap address: 0x00000000c3a00000, size: 966 MB, Compressed Oops mode: 32-bit

CDS archive(s) mapped at: [0x0000022680000000-0x0000022680c60000-0x0000022680c60000), size 12976128, SharedBaseAddress: 0x0000022680000000, ArchiveRelocationMode: 1.
Compressed class space mapped at: 0x0000022681000000-0x00000226c1000000, reserved size: 1073741824
Narrow klass base: 0x0000022680000000, Narrow klass shift: 0, Narrow klass range: 0x41000000

GC Precious Log:
 CardTable entry size: 512
 Card Set container configuration: InlinePtr #cards 5 size 8 Array Of Cards #cards 12 size 40 Howl #buckets 4 coarsen threshold 1843 Howl Bitmap #cards 512 size 80 coarsen threshold 460 Card regions per heap region 1 cards per card region 2048
 CPUs: 4 total, 4 available
 Memory: 3863M
 Large Page Support: Disabled
 NUMA Support: Disabled
 Compressed Oops: Enabled (32-bit)
 Heap Region Size: 1M
 Heap Min Capacity: 8M
 Heap Initial Capacity: 62M
 Heap Max Capacity: 966M
 Pre-touch: Disabled
 Parallel Workers: 4
 Concurrent Workers: 1
 Concurrent Refinement Workers: 4
 Periodic GC: Disabled

Heap:
 garbage-first heap   total reserved 989184K, committed 63488K, used 21920K [0x00000000c3a00000, 0x0000000100000000)
  region size 1024K, 15 young (15360K), 2 survivors (2048K)
 Metaspace       used 19745K, committed 19968K, reserved 1114112K
  class space    used 2245K, committed 2368K, reserved 1048576K

Heap Regions: E=young(eden), S=young(survivor), O=old, HS=humongous(starts), HC=humongous(continues), CS=collection set, F=free, TAMS=top-at-mark-start, PB=parsable bottom
|   0|0x00000000c3a00000, 0x00000000c3b00000, 0x00000000c3b00000|100%|HS|  |TAMS 0x00000000c3a00000| PB 0x00000000c3a00000| Complete |  0
|   1|0x00000000c3b00000, 0x00000000c3c00000, 0x00000000c3c00000|100%|HC|  |TAMS 0x00000000c3b00000| PB 0x00000000c3b00000| Complete |  0
|   2|0x00000000c3c00000, 0x00000000c3d00000, 0x00000000c3d00000|100%|HC|  |TAMS 0x00000000c3c00000| PB 0x00000000c3c00000| Complete |  0
|   3|0x00000000c3d00000, 0x00000000c3e00000, 0x00000000c3e00000|100%| O|  |TAMS 0x00000000c3d00000| PB 0x00000000c3d00000| Untracked |  0
|   4|0x00000000c3e00000, 0x00000000c3e68000, 0x00000000c3f00000| 40%| O|  |TAMS 0x00000000c3e00000| PB 0x00000000c3e00000| Untracked |  0
|   5|0x00000000c3f00000, 0x00000000c4000000, 0x00000000c4000000|100%|HS|  |TAMS 0x00000000c3f00000| PB 0x00000000c3f00000| Complete |  0
|   6|0x00000000c4000000, 0x00000000c4100000, 0x00000000c4100000|100%|HC|  |TAMS 0x00000000c4000000| PB 0x00000000c4000000| Complete |  0
|   7|0x00000000c4100000, 0x00000000c4200000, 0x00000000c4200000|100%|HC|  |TAMS 0x00000000c4100000| PB 0x00000000c4100000| Complete |  0
|   8|0x00000000c4200000, 0x00000000c4200000, 0x00000000c4300000|  0%| F|  |TAMS 0x00000000c4200000| PB 0x00000000c4200000| Untracked |  0
|   9|0x00000000c4300000, 0x00000000c4300000, 0x00000000c4400000|  0%| F|  |TAMS 0x00000000c4300000| PB 0x00000000c4300000| Untracked |  0
|  10|0x00000000c4400000, 0x00000000c4400000, 0x00000000c4500000|  0%| F|  |TAMS 0x00000000c4400000| PB 0x00000000c4400000| Untracked |  0
|  11|0x00000000c4500000, 0x00000000c4500000, 0x00000000c4600000|  0%| F|  |TAMS 0x00000000c4500000| PB 0x00000000c4500000| Untracked |  0
|  12|0x00000000c4600000, 0x00000000c4600000, 0x00000000c4700000|  0%| F|  |TAMS 0x00000000c4600000| PB 0x00000000c4600000| Untracked |  0
|  13|0x00000000c4700000, 0x00000000c4700000, 0x00000000c4800000|  0%| F|  |TAMS 0x00000000c4700000| PB 0x00000000c4700000| Untracked |  0
|  14|0x00000000c4800000, 0x00000000c4800000, 0x00000000c4900000|  0%| F|  |TAMS 0x00000000c4800000| PB 0x00000000c4800000| Untracked |  0
|  15|0x00000000c4900000, 0x00000000c4900000, 0x00000000c4a00000|  0%| F|  |TAMS 0x00000000c4900000| PB 0x00000000c4900000| Untracked |  0
|  16|0x00000000c4a00000, 0x00000000c4a00000, 0x00000000c4b00000|  0%| F|  |TAMS 0x00000000c4a00000| PB 0x00000000c4a00000| Untracked |  0
|  17|0x00000000c4b00000, 0x00000000c4b00000, 0x00000000c4c00000|  0%| F|  |TAMS 0x00000000c4b00000| PB 0x00000000c4b00000| Untracked |  0
|  18|0x00000000c4c00000, 0x00000000c4c00000, 0x00000000c4d00000|  0%| F|  |TAMS 0x00000000c4c00000| PB 0x00000000c4c00000| Untracked |  0
|  19|0x00000000c4d00000, 0x00000000c4d00000, 0x00000000c4e00000|  0%| F|  |TAMS 0x00000000c4d00000| PB 0x00000000c4d00000| Untracked |  0
|  20|0x00000000c4e00000, 0x00000000c4e00000, 0x00000000c4f00000|  0%| F|  |TAMS 0x00000000c4e00000| PB 0x00000000c4e00000| Untracked |  0
|  21|0x00000000c4f00000, 0x00000000c4f00000, 0x00000000c5000000|  0%| F|  |TAMS 0x00000000c4f00000| PB 0x00000000c4f00000| Untracked |  0
|  22|0x00000000c5000000, 0x00000000c5000000, 0x00000000c5100000|  0%| F|  |TAMS 0x00000000c5000000| PB 0x00000000c5000000| Untracked |  0
|  23|0x00000000c5100000, 0x00000000c5100000, 0x00000000c5200000|  0%| F|  |TAMS 0x00000000c5100000| PB 0x00000000c5100000| Untracked |  0
|  24|0x00000000c5200000, 0x00000000c5200000, 0x00000000c5300000|  0%| F|  |TAMS 0x00000000c5200000| PB 0x00000000c5200000| Untracked |  0
|  25|0x00000000c5300000, 0x00000000c5300000, 0x00000000c5400000|  0%| F|  |TAMS 0x00000000c5300000| PB 0x00000000c5300000| Untracked |  0
|  26|0x00000000c5400000, 0x00000000c5400000, 0x00000000c5500000|  0%| F|  |TAMS 0x00000000c5400000| PB 0x00000000c5400000| Untracked |  0
|  27|0x00000000c5500000, 0x00000000c5500000, 0x00000000c5600000|  0%| F|  |TAMS 0x00000000c5500000| PB 0x00000000c5500000| Untracked |  0
|  28|0x00000000c5600000, 0x00000000c5600000, 0x00000000c5700000|  0%| F|  |TAMS 0x00000000c5600000| PB 0x00000000c5600000| Untracked |  0
|  29|0x00000000c5700000, 0x00000000c5700000, 0x00000000c5800000|  0%| F|  |TAMS 0x00000000c5700000| PB 0x00000000c5700000| Untracked |  0
|  30|0x00000000c5800000, 0x00000000c5800000, 0x00000000c5900000|  0%| F|  |TAMS 0x00000000c5800000| PB 0x00000000c5800000| Untracked |  0
|  31|0x00000000c5900000, 0x00000000c5900000, 0x00000000c5a00000|  0%| F|  |TAMS 0x00000000c5900000| PB 0x00000000c5900000| Untracked |  0
|  32|0x00000000c5a00000, 0x00000000c5a00000, 0x00000000c5b00000|  0%| F|  |TAMS 0x00000000c5a00000| PB 0x00000000c5a00000| Untracked |  0
|  33|0x00000000c5b00000, 0x00000000c5b00000, 0x00000000c5c00000|  0%| F|  |TAMS 0x00000000c5b00000| PB 0x00000000c5b00000| Untracked |  0
|  34|0x00000000c5c00000, 0x00000000c5c00000, 0x00000000c5d00000|  0%| F|  |TAMS 0x00000000c5c00000| PB 0x00000000c5c00000| Untracked |  0
|  35|0x00000000c5d00000, 0x00000000c5d00000, 0x00000000c5e00000|  0%| F|  |TAMS 0x00000000c5d00000| PB 0x00000000c5d00000| Untracked |  0
|  36|0x00000000c5e00000, 0x00000000c5e00000, 0x00000000c5f00000|  0%| F|  |TAMS 0x00000000c5e00000| PB 0x00000000c5e00000| Untracked |  0
|  37|0x00000000c5f00000, 0x00000000c5f00000, 0x00000000c6000000|  0%| F|  |TAMS 0x00000000c5f00000| PB 0x00000000c5f00000| Untracked |  0
|  38|0x00000000c6000000, 0x00000000c6000000, 0x00000000c6100000|  0%| F|  |TAMS 0x00000000c6000000| PB 0x00000000c6000000| Untracked |  0
|  39|0x00000000c6100000, 0x00000000c6100000, 0x00000000c6200000|  0%| F|  |TAMS 0x00000000c6100000| PB 0x00000000c6100000| Untracked |  0
|  40|0x00000000c6200000, 0x00000000c6200000, 0x00000000c6300000|  0%| F|  |TAMS 0x00000000c6200000| PB 0x00000000c6200000| Untracked |  0
|  41|0x00000000c6300000, 0x00000000c6300000, 0x00000000c6400000|  0%| F|  |TAMS 0x00000000c6300000| PB 0x00000000c6300000| Untracked |  0
|  42|0x00000000c6400000, 0x00000000c6400000, 0x00000000c6500000|  0%| F|  |TAMS 0x00000000c6400000| PB 0x00000000c6400000| Untracked |  0
|  43|0x00000000c6500000, 0x00000000c6500000, 0x00000000c6600000|  0%| F|  |TAMS 0x00000000c6500000| PB 0x00000000c6500000| Untracked |  0
|  44|0x00000000c6600000, 0x00000000c6600000, 0x00000000c6700000|  0%| F|  |TAMS 0x00000000c6600000| PB 0x00000000c6600000| Untracked |  0
|  45|0x00000000c6700000, 0x00000000c6700000, 0x00000000c6800000|  0%| F|  |TAMS 0x00000000c6700000| PB 0x00000000c6700000| Untracked |  0
|  46|0x00000000c6800000, 0x00000000c6900000, 0x00000000c6900000|100%| S|CS|TAMS 0x00000000c6800000| PB 0x00000000c6800000| Complete |  0
|  47|0x00000000c6900000, 0x00000000c6a00000, 0x00000000c6a00000|100%| S|CS|TAMS 0x00000000c6900000| PB 0x00000000c6900000| Complete |  0
|  48|0x00000000c6a00000, 0x00000000c6a00000, 0x00000000c6b00000|  0%| F|  |TAMS 0x00000000c6a00000| PB 0x00000000c6a00000| Untracked |  0
|  49|0x00000000c6b00000, 0x00000000c6b33378, 0x00000000c6c00000| 20%| E|  |TAMS 0x00000000c6b00000| PB 0x00000000c6b00000| Complete |  0
|  50|0x00000000c6c00000, 0x00000000c6d00000, 0x00000000c6d00000|100%| E|CS|TAMS 0x00000000c6c00000| PB 0x00000000c6c00000| Complete |  0
|  51|0x00000000c6d00000, 0x00000000c6e00000, 0x00000000c6e00000|100%| E|CS|TAMS 0x00000000c6d00000| PB 0x00000000c6d00000| Complete |  0
|  52|0x00000000c6e00000, 0x00000000c6f00000, 0x00000000c6f00000|100%| E|CS|TAMS 0x00000000c6e00000| PB 0x00000000c6e00000| Complete |  0
|  53|0x00000000c6f00000, 0x00000000c7000000, 0x00000000c7000000|100%| E|CS|TAMS 0x00000000c6f00000| PB 0x00000000c6f00000| Complete |  0
|  54|0x00000000c7000000, 0x00000000c7100000, 0x00000000c7100000|100%| E|CS|TAMS 0x00000000c7000000| PB 0x00000000c7000000| Complete |  0
|  55|0x00000000c7100000, 0x00000000c7200000, 0x00000000c7200000|100%| E|CS|TAMS 0x00000000c7100000| PB 0x00000000c7100000| Complete |  0
|  56|0x00000000c7200000, 0x00000000c7300000, 0x00000000c7300000|100%| E|CS|TAMS 0x00000000c7200000| PB 0x00000000c7200000| Complete |  0
|  57|0x00000000c7300000, 0x00000000c7400000, 0x00000000c7400000|100%| E|CS|TAMS 0x00000000c7300000| PB 0x00000000c7300000| Complete |  0
|  58|0x00000000c7400000, 0x00000000c7500000, 0x00000000c7500000|100%| E|CS|TAMS 0x00000000c7400000| PB 0x00000000c7400000| Complete |  0
|  59|0x00000000c7500000, 0x00000000c7600000, 0x00000000c7600000|100%| E|CS|TAMS 0x00000000c7500000| PB 0x00000000c7500000| Complete |  0
|  60|0x00000000c7600000, 0x00000000c7700000, 0x00000000c7700000|100%| E|CS|TAMS 0x00000000c7600000| PB 0x00000000c7600000| Complete |  0
|  61|0x00000000c7700000, 0x00000000c7800000, 0x00000000c7800000|100%| E|CS|TAMS 0x00000000c7700000| PB 0x00000000c7700000| Complete |  0

Card table byte_map: [0x00000226e9ad0000,0x00000226e9cc0000] _byte_map_base: 0x00000226e94b3000

Marking Bits: (CMBitMap*) 0x00000226d25c32a0
 Bits: [0x00000226e9cc0000, 0x00000226eabd8000)

Polling page: 0x00000226d0510000

Metaspace:

Usage:
  Non-class:     17.09 MB used.
      Class:      2.19 MB used.
       Both:     19.28 MB used.

Virtual space:
  Non-class space:       64.00 MB reserved,      17.19 MB ( 27%) committed,  1 nodes.
      Class space:        1.00 GB reserved,       2.31 MB ( <1%) committed,  1 nodes.
             Both:        1.06 GB reserved,      19.50 MB (  2%) committed. 

Chunk freelists:
   Non-Class:  14.31 MB
       Class:  13.65 MB
        Both:  27.96 MB

MaxMetaspaceSize: unlimited
CompressedClassSpaceSize: 1.00 GB
Initial GC threshold: 21.00 MB
Current GC threshold: 21.00 MB
CDS: on
 - commit_granule_bytes: 65536.
 - commit_granule_words: 8192.
 - virtual_space_node_default_size: 8388608.
 - enlarge_chunks_in_place: 1.
 - use_allocation_guard: 0.


Internal statistics:

num_allocs_failed_limit: 0.
num_arena_births: 198.
num_arena_deaths: 0.
num_vsnodes_births: 2.
num_vsnodes_deaths: 0.
num_space_committed: 312.
num_space_uncommitted: 0.
num_chunks_returned_to_freelist: 0.
num_chunks_taken_from_freelist: 399.
num_chunk_merges: 0.
num_chunk_splits: 240.
num_chunks_enlarged: 137.
num_inconsistent_stats: 0.

CodeHeap 'non-profiled nmethods': size=120000Kb used=861Kb max_used=861Kb free=119138Kb
 bounds [0x00000226e23b0000, 0x00000226e2620000, 0x00000226e98e0000]
CodeHeap 'profiled nmethods': size=120000Kb used=4697Kb max_used=4697Kb free=115302Kb
 bounds [0x00000226da8e0000, 0x00000226dad80000, 0x00000226e1e10000]
CodeHeap 'non-nmethods': size=5760Kb used=1960Kb max_used=1997Kb free=3799Kb
 bounds [0x00000226e1e10000, 0x00000226e2080000, 0x00000226e23b0000]
 total_blobs=3325 nmethods=2564 adapters=665
 compilation: enabled
              stopped_count=0, restarted_count=0
 full_count=0

Compilation events (20 events):
Event: 2053.535 Thread 0x00000226c1156f20 nmethod 2556 0x00000226e2486c10 code [0x00000226e2486da0, 0x00000226e2486e68]
Event: 2057.922 Thread 0x00000226c1156f20 2558       3       java.awt.Component$1::getPeer (5 bytes)
Event: 2057.923 Thread 0x00000226c1150430 2559       4       java.util.ArrayList::add (25 bytes)
Event: 2057.925 Thread 0x00000226c1156f20 nmethod 2558 0x00000226dad71110 code [0x00000226dad712a0, 0x00000226dad713b8]
Event: 2057.925 Thread 0x00000226c1156f20 2560       1       sun.awt.windows.WObjectPeer::getStateLock (5 bytes)
Event: 2057.926 Thread 0x00000226c1156f20 nmethod 2560 0x00000226e2486f10 code [0x00000226e24870a0, 0x00000226e2487168]
Event: 2057.927 Thread 0x00000226c1156f20 2561       3       java.lang.Double::compare (54 bytes)
Event: 2057.928 Thread 0x00000226c1156f20 nmethod 2561 0x00000226dad71490 code [0x00000226dad71680, 0x00000226dad71c78]
Event: 2057.928 Thread 0x00000226c1156f20 2562       3       sun.java2d.loops.MaskFill::locatePrim (13 bytes)
Event: 2057.929 Thread 0x00000226c1156f20 nmethod 2562 0x00000226dad71e10 code [0x00000226dad71fc0, 0x00000226dad721c8]
Event: 2057.929 Thread 0x00000226c1156f20 2563       3       sun.java2d.pipe.PixelToShapeConverter::fillRect (24 bytes)
Event: 2057.930 Thread 0x00000226c1156f20 nmethod 2563 0x00000226dad72290 code [0x00000226dad72460, 0x00000226dad72838]
Event: 2057.930 Thread 0x00000226c1156f20 2564   !   3       sun.java2d.pipe.SpanShapeRenderer::fill (90 bytes)
Event: 2057.930 Thread 0x00000226c1150430 nmethod 2559 0x00000226e2487210 code [0x00000226e24873c0, 0x00000226e2487620]
Event: 2057.936 Thread 0x00000226c1156f20 nmethod 2564 0x00000226dad72a10 code [0x00000226dad72ca0, 0x00000226dad738f0]
Event: 2057.936 Thread 0x00000226c1156f20 2565       3       sun.java2d.pipe.SpanShapeRenderer::renderRect (357 bytes)
Event: 2057.940 Thread 0x00000226c1156f20 nmethod 2565 0x00000226dad73d90 code [0x00000226dad740a0, 0x00000226dad752c0]
Event: 2057.940 Thread 0x00000226c1156f20 2566       3       sun.java2d.pipe.Region::clipBoxToBounds (69 bytes)
Event: 2057.940 Thread 0x00000226c1156f20 nmethod 2566 0x00000226dad75910 code [0x00000226dad75ac0, 0x00000226dad75da8]
Event: 2264.814 Thread 0x00000226c1150430 2567       4       java.util.HashSet::add (20 bytes)

GC Heap History (2 events):
Event: 14.685 GC heap before
{Heap before GC invocations=0 (full 0):
 garbage-first heap   total reserved 989184K, committed 63488K, used 17408K [0x00000000c3a00000, 0x0000000100000000)
  region size 1024K, 14 young (14336K), 0 survivors (0K)
 Metaspace       used 12594K, committed 12864K, reserved 1114112K
  class space    used 1414K, committed 1536K, reserved 1048576K
}
Event: 14.692 GC heap after
{Heap after GC invocations=1 (full 0):
 garbage-first heap   total reserved 989184K, committed 63488K, used 6560K [0x00000000c3a00000, 0x0000000100000000)
  region size 1024K, 2 young (2048K), 2 survivors (2048K)
 Metaspace       used 12594K, committed 12864K, reserved 1114112K
  class space    used 1414K, committed 1536K, reserved 1048576K
}

Dll operation events (11 events):
Event: 0.019 Loaded shared library C:\Program Files\Java\jdk-22\bin\java.dll
Event: 0.060 Loaded shared library C:\Program Files\Java\jdk-22\bin\jsvml.dll
Event: 0.104 Loaded shared library C:\Program Files\Java\jdk-22\bin\net.dll
Event: 0.110 Loaded shared library C:\Program Files\Java\jdk-22\bin\nio.dll
Event: 0.142 Loaded shared library C:\Program Files\Java\jdk-22\bin\zip.dll
Event: 0.153 Loaded shared library C:\Program Files\Java\jdk-22\bin\jimage.dll
Event: 0.180 Loaded shared library C:\Program Files\Java\jdk-22\bin\awt.dll
Event: 0.461 Loaded shared library C:\Program Files\Java\jdk-22\bin\freetype.dll
Event: 0.462 Loaded shared library C:\Program Files\Java\jdk-22\bin\fontmanager.dll
Event: 14.675 Loaded shared library C:\Program Files\Java\jdk-22\bin\extnet.dll
Event: 15.064 Loaded shared library C:\Program Files\Java\jdk-22\bin\sunmscapi.dll

Deoptimization events (20 events):
Event: 18.406 Thread 0x00000226c1645300 DEOPT PACKING pc=0x00000226e24468e4 sp=0x0000003906dfd3d0
Event: 18.406 Thread 0x00000226c1645300 DEOPT UNPACKING pc=0x00000226e1e67da2 sp=0x0000003906dfd3a0 mode 2
Event: 18.406 Thread 0x00000226c1645300 Uncommon trap: trap_request=0xffffffde fr.pc=0x00000226e24468e4 relative=0x00000000000001c4
Event: 18.406 Thread 0x00000226c1645300 Uncommon trap: reason=class_check action=maybe_recompile pc=0x00000226e24468e4 method=sun.security.util.math.intpoly.IntegerPolynomial.multByInt([JJ)V @ 26 c2
Event: 18.406 Thread 0x00000226c1645300 DEOPT PACKING pc=0x00000226e24468e4 sp=0x0000003906dfd3d0
Event: 18.406 Thread 0x00000226c1645300 DEOPT UNPACKING pc=0x00000226e1e67da2 sp=0x0000003906dfd3a0 mode 2
Event: 18.406 Thread 0x00000226c1645300 Uncommon trap: trap_request=0xffffffde fr.pc=0x00000226e24468e4 relative=0x00000000000001c4
Event: 18.406 Thread 0x00000226c1645300 Uncommon trap: reason=class_check action=maybe_recompile pc=0x00000226e24468e4 method=sun.security.util.math.intpoly.IntegerPolynomial.multByInt([JJ)V @ 26 c2
Event: 18.406 Thread 0x00000226c1645300 DEOPT PACKING pc=0x00000226e24468e4 sp=0x0000003906dfd3d0
Event: 18.406 Thread 0x00000226c1645300 DEOPT UNPACKING pc=0x00000226e1e67da2 sp=0x0000003906dfd3a0 mode 2
Event: 18.406 Thread 0x00000226c1645300 Uncommon trap: trap_request=0xffffffde fr.pc=0x00000226e24468e4 relative=0x00000000000001c4
Event: 18.406 Thread 0x00000226c1645300 Uncommon trap: reason=class_check action=maybe_recompile pc=0x00000226e24468e4 method=sun.security.util.math.intpoly.IntegerPolynomial.multByInt([JJ)V @ 26 c2
Event: 18.406 Thread 0x00000226c1645300 DEOPT PACKING pc=0x00000226e24468e4 sp=0x0000003906dfd3d0
Event: 18.406 Thread 0x00000226c1645300 DEOPT UNPACKING pc=0x00000226e1e67da2 sp=0x0000003906dfd3a0 mode 2
Event: 18.413 Thread 0x00000226c1645300 Uncommon trap: trap_request=0xffffff6e fr.pc=0x00000226e2453490 relative=0x0000000000000270
Event: 18.413 Thread 0x00000226c1645300 Uncommon trap: reason=loop_limit_check action=maybe_recompile pc=0x00000226e2453490 method=java.math.BigInteger.implMulAdd([I[IIII)I @ 26 c2
Event: 18.413 Thread 0x00000226c1645300 DEOPT PACKING pc=0x00000226e2453490 sp=0x0000003906dfd080
Event: 18.413 Thread 0x00000226c1645300 DEOPT UNPACKING pc=0x00000226e1e67da2 sp=0x0000003906dfcfd0 mode 2
Event: 101.728 Thread 0x00000226c1645300 DEOPT PACKING pc=0x00000226daaf4e11 sp=0x0000003906dfd670
Event: 101.729 Thread 0x00000226c1645300 DEOPT UNPACKING pc=0x00000226e1e688e2 sp=0x0000003906dfcb48 mode 0

Classes loaded (20 events):
Event: 15.628 Loading class java/awt/WaitDispatchSupport$4
Event: 15.628 Loading class java/awt/WaitDispatchSupport$4 done
Event: 15.632 Loading class sun/awt/image/BufImgSurfaceManager
Event: 15.633 Loading class sun/awt/image/BufImgSurfaceManager done
Event: 17.201 Loading class java/awt/event/MouseWheelEvent
Event: 17.201 Loading class java/awt/event/MouseWheelEvent done
Event: 18.380 Loading class java/awt/KeyboardFocusManager$2
Event: 18.381 Loading class java/awt/KeyboardFocusManager$2 done
Event: 18.381 Loading class sun/awt/SunToolkit$1
Event: 18.382 Loading class sun/awt/SunToolkit$1 done
Event: 18.390 Loading class java/awt/Window$1DisposeAction
Event: 18.390 Loading class java/awt/Window$1DisposeAction done
Event: 18.391 Loading class java/awt/LightweightDispatcher$2
Event: 18.391 Loading class java/awt/LightweightDispatcher$2 done
Event: 1538.918 Loading class java/util/WeakHashMap$KeyIterator
Event: 1538.970 Loading class java/util/WeakHashMap$HashIterator
Event: 1538.998 Loading class java/util/WeakHashMap$HashIterator done
Event: 1538.998 Loading class java/util/WeakHashMap$KeyIterator done
Event: 1539.059 Loading class javax/swing/RepaintManager$DisplayChangedRunnable
Event: 1539.083 Loading class javax/swing/RepaintManager$DisplayChangedRunnable done

Classes unloaded (0 events):
No events

Classes redefined (0 events):
No events

Internal exceptions (20 events):
Event: 0.192 Thread 0x00000226d02cf450 Exception <a 'java/io/FileNotFoundException'{0x00000000c75e62d8}> (0x00000000c75e62d8) 
thrown [s\open\src\hotspot\share\prims\jni.cpp, line 520]
Event: 0.202 Thread 0x00000226d02cf450 Exception <a 'java/io/FileNotFoundException'{0x00000000c7414b60}> (0x00000000c7414b60) 
thrown [s\open\src\hotspot\share\prims\jni.cpp, line 520]
Event: 0.289 Thread 0x00000226d02cf450 Exception <a 'java/lang/NoSuchMethodError'{0x00000000c731e300}: 'void java.lang.invoke.DirectMethodHandle$Holder.invokeSpecial(java.lang.Object, java.lang.Object, java.lang.Object)'> (0x00000000c731e300) 
thrown [s\open\src\hotspot\share\interpreter\linkResolver.cpp, line 774]
Event: 0.297 Thread 0x00000226d02cf450 Exception <a 'java/lang/NoSuchMethodError'{0x00000000c7344500}: 'java.lang.Object java.lang.invoke.DirectMethodHandle$Holder.newInvokeSpecial(java.lang.Object, java.lang.Object, java.lang.Object, java.lang.Object, java.lang.Object)'> (0x00000000c7344500) 
thrown [s\open\src\hotspot\share\interpreter\linkResolver.cpp, line 774]
Event: 0.304 Thread 0x00000226d02cf450 Exception <a 'java/lang/NoSuchMethodError'{0x00000000c7371188}: 'java.lang.Object java.lang.invoke.DirectMethodHandle$Holder.invokeStatic(java.lang.Object, int, java.lang.Object)'> (0x00000000c7371188) 
thrown [s\open\src\hotspot\share\interpreter\linkResolver.cpp, line 774]
Event: 0.322 Thread 0x00000226d02cf450 Exception <a 'java/lang/ClassNotFoundException'{0x00000000c72134c8}: com/sun/swing/internal/plaf/metal/resources/spi/metalProvider> (0x00000000c72134c8) 
thrown [s\open\src\hotspot\share\classfile\systemDictionary.cpp, line 313]
Event: 0.323 Thread 0x00000226d02cf450 Exception <a 'java/lang/ClassNotFoundException'{0x00000000c7217428}: com/sun/swing/internal/plaf/basic/resources/spi/basicProvider> (0x00000000c7217428) 
thrown [s\open\src\hotspot\share\classfile\systemDictionary.cpp, line 313]
Event: 0.334 Thread 0x00000226d02cf450 Exception <a 'java/lang/NoSuchMethodError'{0x00000000c7236cc0}: 'int java.lang.invoke.Invokers$Holder.invokeExact_MT(java.lang.Object, java.lang.Object)'> (0x00000000c7236cc0) 
thrown [s\open\src\hotspot\share\interpreter\linkResolver.cpp, line 774]
Event: 0.443 Thread 0x00000226c15d5940 Exception <a 'java/lang/NoSuchMethodError'{0x00000000c74e5c80}: 'void java.lang.invoke.DirectMethodHandle$Holder.invokeVirtual(java.lang.Object, java.lang.Object)'> (0x00000000c74e5c80) 
thrown [s\open\src\hotspot\share\interpreter\linkResolver.cpp, line 774]
Event: 0.457 Thread 0x00000226d02cf450 Exception <a 'java/lang/NoSuchMethodError'{0x00000000c7133898}: 'void java.lang.invoke.DirectMethodHandle$Holder.invokeStaticInit(java.lang.Object)'> (0x00000000c7133898) 
thrown [s\open\src\hotspot\share\interpreter\linkResolver.cpp, line 774]
Event: 14.464 Thread 0x00000226c1645300 Exception <a 'java/lang/NoSuchMethodError'{0x00000000c6e95910}: 'void java.lang.invoke.DirectMethodHandle$Holder.invokeStatic(java.lang.Object, java.lang.Object)'> (0x00000000c6e95910) 
thrown [s\open\src\hotspot\share\interpreter\linkResolver.cpp, line 774]
Event: 14.512 Thread 0x00000226c1645300 Exception <a 'java/lang/NoSuchMethodError'{0x00000000c6d5a978}: 'java.lang.Object java.lang.invoke.DirectMethodHandle$Holder.invokeInterface(java.lang.Object, java.lang.Object)'> (0x00000000c6d5a978) 
thrown [s\open\src\hotspot\share\interpreter\linkResolver.cpp, line 774]
Event: 14.545 Thread 0x00000226c1645300 Exception <a 'java/lang/NoSuchMethodError'{0x00000000c6dd2838}: 'void java.lang.invoke.DirectMethodHandle$Holder.invokeStatic(java.lang.Object, java.lang.Object, java.lang.Object)'> (0x00000000c6dd2838) 
thrown [s\open\src\hotspot\share\interpreter\linkResolver.cpp, line 774]
Event: 14.547 Thread 0x00000226c1645300 Exception <a 'java/lang/NoSuchMethodError'{0x00000000c6ddba60}: 'java.lang.Object java.lang.invoke.DirectMethodHandle$Holder.invokeVirtual(java.lang.Object, java.lang.Object, java.lang.Object)'> (0x00000000c6ddba60) 
thrown [s\open\src\hotspot\share\interpreter\linkResolver.cpp, line 774]
Event: 14.857 Thread 0x00000226c1645300 Exception <a 'java/lang/NoSuchMethodError'{0x00000000c7512d70}: 'void java.lang.invoke.DirectMethodHandle$Holder.invokeStaticInit(java.lang.Object, java.lang.Object)'> (0x00000000c7512d70) 
thrown [s\open\src\hotspot\share\interpreter\linkResolver.cpp, line 774]
Event: 14.954 Thread 0x00000226c1645300 Exception <a 'sun/nio/fs/WindowsException'{0x00000000c743f168}> (0x00000000c743f168) 
thrown [s\open\src\hotspot\share\prims\jni.cpp, line 520]
Event: 15.006 Thread 0x00000226c1645300 Exception <a 'java/lang/NoSuchMethodError'{0x00000000c74e5610}: 'java.lang.Object java.lang.invoke.DirectMethodHandle$Holder.invokeStaticInit(java.lang.Object, int, int, int, int)'> (0x00000000c74e5610) 
thrown [s\open\src\hotspot\share\interpreter\linkResolver.cpp, line 774]
Event: 15.029 Thread 0x00000226c1645300 Exception <a 'java/lang/NoSuchMethodError'{0x00000000c7313968}: 'java.lang.Object java.lang.invoke.DirectMethodHandle$Holder.invokeStaticInit(java.lang.Object, java.lang.Object, int, int, int, int)'> (0x00000000c7313968) 
thrown [s\open\src\hotspot\share\interpreter\linkResolver.cpp, line 774]
Event: 15.567 Thread 0x00000226c77fe140 Exception <a 'java/lang/NoSuchMethodError'{0x00000000c6fc1820}: 'java.lang.Object java.lang.invoke.DirectMethodHandle$Holder.newInvokeSpecial(java.lang.Object, java.lang.Object, java.lang.Object, int, int, int, int, int)'> (0x00000000c6fc1820) 
thrown [s\open\src\hotspot\share\interpreter\linkResolver.cpp, line 774]
Event: 15.626 Thread 0x00000226c1645300 Exception <a 'java/lang/NoSuchMethodError'{0x00000000c6fea380}: 'int java.lang.invoke.DirectMethodHandle$Holder.invokeStatic(java.lang.Object)'> (0x00000000c6fea380) 
thrown [s\open\src\hotspot\share\interpreter\linkResolver.cpp, line 774]

ZGC Phase Switch (0 events):
No events

VM Operations (20 events):
Event: 375.719 Executing VM operation: Cleanup
Event: 375.722 Executing VM operation: Cleanup done
Event: 601.405 Executing VM operation: Cleanup
Event: 601.406 Executing VM operation: Cleanup done
Event: 636.665 Executing VM operation: Cleanup
Event: 636.665 Executing VM operation: Cleanup done
Event: 1062.042 Executing VM operation: Cleanup
Event: 1062.051 Executing VM operation: Cleanup done
Event: 1192.051 Executing VM operation: Cleanup
Event: 1192.052 Executing VM operation: Cleanup done
Event: 1212.226 Executing VM operation: Cleanup
Event: 1212.226 Executing VM operation: Cleanup done
Event: 1539.825 Executing VM operation: Cleanup
Event: 1539.842 Executing VM operation: Cleanup done
Event: 1540.843 Executing VM operation: Cleanup
Event: 1540.845 Executing VM operation: Cleanup done
Event: 2052.750 Executing VM operation: Cleanup
Event: 2052.754 Executing VM operation: Cleanup done
Event: 2053.759 Executing VM operation: Cleanup
Event: 2053.759 Executing VM operation: Cleanup done

Memory protections (0 events):
No events

Nmethod flushes (0 events):
No events

Events (20 events):
Event: 0.057 Thread 0x00000226d02cf450 Thread added: 0x00000226c1135950
Event: 0.057 Thread 0x00000226d02cf450 Thread added: 0x00000226c1136970
Event: 0.057 Thread 0x00000226d02cf450 Thread added: 0x00000226c1139fa0
Event: 0.057 Thread 0x00000226d02cf450 Thread added: 0x00000226c113cf60
Event: 0.057 Thread 0x00000226d02cf450 Thread added: 0x00000226c113dec0
Event: 0.057 Thread 0x00000226d02cf450 Thread added: 0x00000226c113ea10
Event: 0.058 Thread 0x00000226d02cf450 Thread added: 0x00000226c1150430
Event: 0.058 Thread 0x00000226d02cf450 Thread added: 0x00000226c1156f20
Event: 0.090 Thread 0x00000226d02cf450 Thread added: 0x00000226d263b130
Event: 0.131 Thread 0x00000226d02cf450 Thread added: 0x00000226c14e3230
Event: 0.250 Thread 0x00000226d02cf450 Thread added: 0x00000226c15c2860
Event: 0.252 Thread 0x00000226d02cf450 Thread added: 0x00000226c15cf3f0
Event: 0.254 Thread 0x00000226d02cf450 Thread added: 0x00000226c15d5940
Event: 0.393 Thread 0x00000226d02cf450 Thread added: 0x00000226c1645300
Event: 0.601 Thread 0x00000226d02cf450 Thread exited: 0x00000226d02cf450
Event: 0.601 Thread 0x00000226d02cf450 Thread added: 0x00000226d02cf450
Event: 2.200 Thread 0x00000226c1645300 Thread added: 0x00000226c7459ef0
Event: 14.466 Thread 0x00000226c1645300 Thread added: 0x00000226c74e1180
Event: 15.562 Thread 0x00000226c1645300 Thread added: 0x00000226c77fe140
Event: 20.583 Thread 0x00000226c77fe140 Thread exited: 0x00000226c77fe140


Dynamic libraries:
0x00007ff6d15d0000 - 0x00007ff6d15e0000 	C:\Program Files\Java\jdk-22\bin\java.exe
0x00007ffb79830000 - 0x00007ffb79a47000 	C:\WINDOWS\SYSTEM32\ntdll.dll
0x00007ffb79130000 - 0x00007ffb791f4000 	C:\WINDOWS\System32\KERNEL32.DLL
0x00007ffb76dc0000 - 0x00007ffb77179000 	C:\WINDOWS\System32\KERNELBASE.dll
0x00007ffb76b30000 - 0x00007ffb76c41000 	C:\WINDOWS\System32\ucrtbase.dll
0x00007ffb71310000 - 0x00007ffb71327000 	C:\Program Files\Java\jdk-22\bin\jli.dll
0x00007ffb713e0000 - 0x00007ffb713fb000 	C:\Program Files\Java\jdk-22\bin\VCRUNTIME140.dll
0x00007ffb77550000 - 0x00007ffb776fe000 	C:\WINDOWS\System32\USER32.dll
0x00007ffb77520000 - 0x00007ffb77546000 	C:\WINDOWS\System32\win32u.dll
0x00007ffb77880000 - 0x00007ffb778a9000 	C:\WINDOWS\System32\GDI32.dll
0x00007ffb77400000 - 0x00007ffb7751b000 	C:\WINDOWS\System32\gdi32full.dll
0x00007ffb772a0000 - 0x00007ffb7733a000 	C:\WINDOWS\System32\msvcp_win.dll
0x00007ffb64370000 - 0x00007ffb64602000 	C:\WINDOWS\WinSxS\amd64_microsoft.windows.common-controls_6595b64144ccf1df_6.0.22621.4391_none_2715d37f73803e96\COMCTL32.dll
0x00007ffb78cf0000 - 0x00007ffb78d97000 	C:\WINDOWS\System32\msvcrt.dll
0x00007ffb78b90000 - 0x00007ffb78bc1000 	C:\WINDOWS\System32\IMM32.DLL
0x00007ffb72230000 - 0x00007ffb7223c000 	C:\Program Files\Java\jdk-22\bin\vcruntime140_1.dll
0x00007ffb62190000 - 0x00007ffb6221e000 	C:\Program Files\Java\jdk-22\bin\msvcp140.dll
0x00007ffafe370000 - 0x00007ffaff0b9000 	C:\Program Files\Java\jdk-22\bin\server\jvm.dll
0x00007ffb79420000 - 0x00007ffb794d2000 	C:\WINDOWS\System32\ADVAPI32.dll
0x00007ffb78ad0000 - 0x00007ffb78b77000 	C:\WINDOWS\System32\sechost.dll
0x00007ffb77270000 - 0x00007ffb77298000 	C:\WINDOWS\System32\bcrypt.dll
0x00007ffb77900000 - 0x00007ffb77a14000 	C:\WINDOWS\System32\RPCRT4.dll
0x00007ffb77700000 - 0x00007ffb77771000 	C:\WINDOWS\System32\WS2_32.dll
0x00007ffb70f70000 - 0x00007ffb70fa4000 	C:\WINDOWS\SYSTEM32\WINMM.dll
0x00007ffb76a00000 - 0x00007ffb76a4d000 	C:\WINDOWS\SYSTEM32\POWRPROF.dll
0x00007ffb6c2a0000 - 0x00007ffb6c2aa000 	C:\WINDOWS\SYSTEM32\VERSION.dll
0x00007ffb769e0000 - 0x00007ffb769f3000 	C:\WINDOWS\SYSTEM32\UMPDC.dll
0x00007ffb75b70000 - 0x00007ffb75b88000 	C:\WINDOWS\SYSTEM32\kernel.appcore.dll
0x00007ffb71370000 - 0x00007ffb7137a000 	C:\Program Files\Java\jdk-22\bin\jimage.dll
0x00007ffb74390000 - 0x00007ffb745c2000 	C:\WINDOWS\SYSTEM32\DBGHELP.DLL
0x00007ffb78da0000 - 0x00007ffb7912f000 	C:\WINDOWS\System32\combase.dll
0x00007ffb78760000 - 0x00007ffb78837000 	C:\WINDOWS\System32\OLEAUT32.dll
0x00007ffb5a6b0000 - 0x00007ffb5a6e2000 	C:\WINDOWS\SYSTEM32\dbgcore.DLL
0x00007ffb77180000 - 0x00007ffb771fb000 	C:\WINDOWS\System32\bcryptPrimitives.dll
0x00007ffb71380000 - 0x00007ffb7139e000 	C:\Program Files\Java\jdk-22\bin\java.dll
0x00007ffb77ec0000 - 0x00007ffb78736000 	C:\WINDOWS\System32\SHELL32.dll
0x00007ffb79640000 - 0x00007ffb797e5000 	C:\WINDOWS\System32\ole32.dll
0x00007ffb74a70000 - 0x00007ffb75373000 	C:\WINDOWS\SYSTEM32\windows.storage.dll
0x00007ffb74930000 - 0x00007ffb74a6f000 	C:\WINDOWS\SYSTEM32\wintypes.dll
0x00007ffb77780000 - 0x00007ffb77879000 	C:\WINDOWS\System32\SHCORE.dll
0x00007ffb78be0000 - 0x00007ffb78c3e000 	C:\WINDOWS\System32\shlwapi.dll
0x00007ffb76a60000 - 0x00007ffb76a8b000 	C:\WINDOWS\SYSTEM32\profapi.dll
0x00007ffb67f70000 - 0x00007ffb68047000 	C:\Program Files\Java\jdk-22\bin\jsvml.dll
0x00007ffb71360000 - 0x00007ffb71370000 	C:\Program Files\Java\jdk-22\bin\net.dll
0x00007ffb75ff0000 - 0x00007ffb76059000 	C:\WINDOWS\system32\mswsock.dll
0x00007ffb71340000 - 0x00007ffb71356000 	C:\Program Files\Java\jdk-22\bin\nio.dll
0x00007ffb6ff90000 - 0x00007ffb6ffa7000 	C:\Program Files\Java\jdk-22\bin\zip.dll
0x00007ffb51a70000 - 0x00007ffb51bfe000 	C:\Program Files\Java\jdk-22\bin\awt.dll
0x00007ffb720c0000 - 0x00007ffb72157000 	C:\WINDOWS\SYSTEM32\apphelp.dll
0x00007ffb73d90000 - 0x00007ffb73dbb000 	C:\WINDOWS\system32\DWMAPI.DLL
0x00007ffb73b70000 - 0x00007ffb73c21000 	C:\WINDOWS\system32\uxtheme.dll
0x00007ffb4ade0000 - 0x00007ffb4aee0000 	C:\WINDOWS\system32\opengl32.dll
0x00007ffb4ad70000 - 0x00007ffb4ad9d000 	C:\WINDOWS\SYSTEM32\GLU32.dll
0x00007ffb73df0000 - 0x00007ffb73e27000 	C:\WINDOWS\SYSTEM32\dxcore.dll
0x00007ffb794e0000 - 0x00007ffb79640000 	C:\WINDOWS\System32\MSCTF.dll
0x00007ffb58ce0000 - 0x00007ffb58d67000 	C:\Program Files\Java\jdk-22\bin\freetype.dll
0x00007ffb52860000 - 0x00007ffb52937000 	C:\Program Files\Java\jdk-22\bin\fontmanager.dll
0x00007ffb78c40000 - 0x00007ffb78cf0000 	C:\WINDOWS\System32\clbcatq.dll
0x00007ffb73900000 - 0x00007ffb73ab0000 	C:\WINDOWS\SYSTEM32\WindowsCodecs.dll
0x00007ffb47830000 - 0x00007ffb4788e000 	C:\WINDOWS\system32\dataexchange.dll
0x00007ffb6d790000 - 0x00007ffb6da34000 	C:\WINDOWS\system32\twinapi.appcore.dll
0x00007ffb65090000 - 0x00007ffb651d5000 	C:\WINDOWS\SYSTEM32\textinputframework.dll
0x00007ffb71b90000 - 0x00007ffb71cc3000 	C:\WINDOWS\SYSTEM32\CoreMessaging.dll
0x00007ffb6e7c0000 - 0x00007ffb6eb2d000 	C:\WINDOWS\SYSTEM32\CoreUIComponents.dll
0x00007ffb76240000 - 0x00007ffb7624c000 	C:\WINDOWS\SYSTEM32\CRYPTBASE.DLL
0x00007ffb75650000 - 0x00007ffb75752000 	C:\WINDOWS\SYSTEM32\DNSAPI.dll
0x00007ffb755e0000 - 0x00007ffb7560d000 	C:\WINDOWS\SYSTEM32\IPHLPAPI.DLL
0x00007ffb78b80000 - 0x00007ffb78b89000 	C:\WINDOWS\System32\NSI.dll
0x00007ffb61210000 - 0x00007ffb6121a000 	C:\Windows\System32\rasadhlp.dll
0x00007ffb6cc10000 - 0x00007ffb6cc93000 	C:\WINDOWS\System32\fwpuclnt.dll
0x00007ffb6ff80000 - 0x00007ffb6ff89000 	C:\Program Files\Java\jdk-22\bin\extnet.dll
0x00007ffb76250000 - 0x00007ffb7626b000 	C:\WINDOWS\SYSTEM32\CRYPTSP.dll
0x00007ffb75ad0000 - 0x00007ffb75b05000 	C:\WINDOWS\system32\rsaenh.dll
0x00007ffb760e0000 - 0x00007ffb76108000 	C:\WINDOWS\SYSTEM32\USERENV.dll
0x00007ffb70190000 - 0x00007ffb7019e000 	C:\Program Files\Java\jdk-22\bin\sunmscapi.dll
0x00007ffb76c50000 - 0x00007ffb76db6000 	C:\WINDOWS\System32\CRYPT32.dll
0x00007ffb763e0000 - 0x00007ffb7640d000 	C:\WINDOWS\SYSTEM32\ncrypt.dll
0x00007ffb763a0000 - 0x00007ffb763d7000 	C:\WINDOWS\SYSTEM32\NTASN1.dll
0x00007ffb65ac0000 - 0x00007ffb65b71000 	C:\WINDOWS\SYSTEM32\TextShaping.dll

dbghelp: loaded successfully - version: 4.0.5 - missing functions: none
symbol engine: initialized successfully - sym options: 0x614 - pdb path: .;C:\Program Files\Java\jdk-22\bin;C:\WINDOWS\SYSTEM32;C:\WINDOWS\WinSxS\amd64_microsoft.windows.common-controls_6595b64144ccf1df_6.0.22621.4391_none_2715d37f73803e96;C:\Program Files\Java\jdk-22\bin\server

VM Arguments:
jvm_args: -Dfile.encoding=UTF-8 --module-path=E:\DBATU\Job.Board.Platform\build\classes 
java_command: job.board.platform.JobSeekerDashboard
java_class_path (initial): C:\Users\DELL\Desktop\jcalendar-1.4.jar;C:\Users\DELL\Desktop\mysql-connector-java-8.0.28 (1).jar;C:\Users\DELL\Desktop\rs2xml.jar;E:\DBATU\Job.Board.Platform\build\classes
Launcher Type: SUN_STANDARD

[Global flags]
     intx CICompilerCount                          = 3                                         {product} {ergonomic}
     uint ConcGCThreads                            = 1                                         {product} {ergonomic}
     uint G1ConcRefinementThreads                  = 4                                         {product} {ergonomic}
   size_t G1HeapRegionSize                         = 1048576                                   {product} {ergonomic}
   size_t InitialHeapSize                          = 65011712                                  {product} {ergonomic}
   size_t MarkStackSize                            = 4194304                                   {product} {ergonomic}
   size_t MaxHeapSize                              = 1012924416                                {product} {ergonomic}
   size_t MaxNewSize                               = 607125504                                 {product} {ergonomic}
   size_t MinHeapDeltaBytes                        = 1048576                                   {product} {ergonomic}
   size_t MinHeapSize                              = 8388608                                   {product} {ergonomic}
    uintx NonNMethodCodeHeapSize                   = 5832780                                {pd product} {ergonomic}
    uintx NonProfiledCodeHeapSize                  = 122912730                              {pd product} {ergonomic}
    uintx ProfiledCodeHeapSize                     = 122912730                              {pd product} {ergonomic}
    uintx ReservedCodeCacheSize                    = 251658240                              {pd product} {ergonomic}
     bool SegmentedCodeCache                       = true                                      {product} {ergonomic}
   size_t SoftMaxHeapSize                          = 1012924416                             {manageable} {ergonomic}
     bool UseCompressedOops                        = true                           {product lp64_product} {ergonomic}
     bool UseG1GC                                  = true                                      {product} {ergonomic}
     bool UseLargePagesIndividualAllocation        = false                                  {pd product} {ergonomic}

Logging:
Log output configuration:
 #0: stdout all=warning uptime,level,tags foldmultilines=false
 #1: stderr all=off uptime,level,tags foldmultilines=false

Environment Variables:
PATH=C:\Program Files\Common Files\Oracle\Java\javapath;C:\Program Files\Python312\Scripts\;C:\Program Files\Python312\;C:\WINDOWS\system32;C:\WINDOWS;C:\WINDOWS\System32\Wbem;C:\WINDOWS\System32\WindowsPowerShell\v1.0\;C:\WINDOWS\System32\OpenSSH\;C:\Program Files\dotnet\;C:\Program Files\Microsoft SQL Server\150\Tools\Binn\;C:\Program Files\Microsoft SQL Server\Client SDK\ODBC\170\Tools\Binn\;C:\Program Files\Java\jdk-22\bin;C:\Program Files\nodejs\;C:\ProgramData\chocolatey\bin;C:\Program Files\MySQL\MySQL Server 9.0\bin;C:\Users\DELL\AppData\Local\Microsoft\WindowsApps;C:\Users\DELL\AppData\Local\Programs\Microsoft VS Code\bin;C:\Users\DELL\.dotnet\tools;C:\Users\DELL\AppData\Roaming\npm;
USERNAME=DELL
OS=Windows_NT
PROCESSOR_IDENTIFIER=Intel64 Family 6 Model 126 Stepping 5, GenuineIntel
TMP=C:\Users\DELL\AppData\Local\Temp
TEMP=C:\Users\DELL\AppData\Local\Temp




Periodic native trim disabled

---------------  S Y S T E M  ---------------

OS:
 Windows 11 , 64 bit Build 22621 (10.0.22621.4391)
OS uptime: 0 days 7:06 hours

CPU: total 4 (initial active 4) (2 cores per cpu, 2 threads per core) family 6 model 126 stepping 5 microcode 0xc6, cx8, cmov, fxsr, ht, mmx, 3dnowpref, sse, sse2, sse3, ssse3, sse4.1, sse4.2, popcnt, lzcnt, tsc, tscinvbit, avx, avx2, aes, erms, clmul, bmi1, bmi2, adx, avx512f, avx512dq, avx512cd, avx512bw, avx512vl, sha, fma, vzeroupper, avx512_vpopcntdq, avx512_vpclmulqdq, avx512_vaes, avx512_vnni, clflush, clflushopt, avx512_vbmi2, avx512_vbmi, rdtscp, rdpid, fsrm, gfni, avx512_bitalg, f16c, pku, avx512_ifma
Processor Information for all 4 processors :
  Max Mhz: 1190, Current Mhz: 1190, Mhz Limit: 1190

Memory: 4k page, system-wide physical 3863M (114M free)
TotalPageFile size 15639M (AvailPageFile size 0M)
current process WorkingSet (physical memory assigned to process): 17M, peak: 121M
current process commit charge ("private bytes"): 173M, peak: 187M

vm_info: Java HotSpot(TM) 64-Bit Server VM (22.0.2+9-70) for windows-amd64 JRE (22.0.2+9-70), built on 2024-06-04T16:52:23Z by "mach5one" with MS VC++ 17.6 (VS2022)

END.
