#
# There is insufficient memory for the Java Runtime Environment to continue.
# Native memory allocation (malloc) failed to allocate 32744 bytes. Error detail: Chunk::new
# Possible reasons:
#   The system is out of physical RAM or swap space
#   This process is running with CompressedOops enabled, and the Java Heap may be blocking the growth of the native heap
# Possible solutions:
#   Reduce memory load on the system
#   Increase physical memory or swap space
#   Check if swap backing store is full
#   Decrease Java heap size (-Xmx/-Xms)
#   Decrease number of Java threads
#   Decrease Java thread stack sizes (-Xss)
#   Set larger code cache with -XX:ReservedCodeCacheSize=
#   JVM is running with Unscaled Compressed Oops mode in which the Java heap is
#     placed in the first 4GB address space. The Java Heap base address is the
#     maximum limit for the native heap growth. Please use -XX:HeapBaseMinAddress
#     to set the Java Heap base and to place the Java Heap above 4GB virtual address.
# This output file may be truncated or incomplete.
#
#  Out of Memory Error (arena.cpp:150), pid=2368, tid=9636
#
# JRE version: Java(TM) SE Runtime Environment (22.0.2+9) (build 22.0.2+9-70)
# Java VM: Java HotSpot(TM) 64-Bit Server VM (22.0.2+9-70, mixed mode, sharing, tiered, compressed oops, compressed class ptrs, g1 gc, windows-amd64)
# No core dump will be written. Minidumps are not enabled by default on client versions of Windows
#

---------------  S U M M A R Y ------------

Command Line: -Dfile.encoding=UTF-8 --module-path=E:\DBATU\Job.Board.Platform\build\classes job.board.platform.JobSeekerDashboard

Host: Intel(R) Core(TM) i3-1005G1 CPU @ 1.20GHz, 4 cores, 3G,  Windows 11 , 64 bit Build 22621 (10.0.22621.4391)
Time: Fri Dec 13 03:22:46 2024 India Standard Time elapsed time: 5625.903156 seconds (0d 1h 33m 45s)

---------------  T H R E A D  ---------------

Current thread (0x000001d3c11453c0):  JavaThread "C2 CompilerThread0" daemon [_thread_in_native, id=9636, stack(0x00000028f6100000,0x00000028f6200000) (1024K)]


Current CompileTask:
C2:5625903 2494       4       sun.util.logging.PlatformLogger::isLoggable (23 bytes)

Stack: [0x00000028f6100000,0x00000028f6200000]
Native frames: (J=compiled Java code, j=interpreted, Vv=VM code, C=native code)
V  [jvm.dll+0x6e26e9]  (no source info available)
V  [jvm.dll+0x875753]  (no source info available)
V  [jvm.dll+0x877b7e]  (no source info available)
V  [jvm.dll+0x878253]  (no source info available)
V  [jvm.dll+0x27fc86]  (no source info available)
V  [jvm.dll+0xc3d0f]  (no source info available)
V  [jvm.dll+0xc3f6b]  (no source info available)
V  [jvm.dll+0x66c3cb]  (no source info available)
V  [jvm.dll+0x66c56f]  (no source info available)
V  [jvm.dll+0x671fe9]  (no source info available)
V  [jvm.dll+0x673019]  (no source info available)
V  [jvm.dll+0x671355]  (no source info available)
V  [jvm.dll+0x247677]  (no source info available)
V  [jvm.dll+0x246e9f]  (no source info available)
V  [jvm.dll+0x1c4e80]  (no source info available)
V  [jvm.dll+0x2568f3]  (no source info available)
V  [jvm.dll+0x254baa]  (no source info available)
V  [jvm.dll+0x3f57a6]  (no source info available)
V  [jvm.dll+0x81dc0b]  (no source info available)
V  [jvm.dll+0x6e0d85]  (no source info available)
C  [ucrtbase.dll+0x29333]  (no source info available)
C  [KERNEL32.DLL+0x1259d]  (no source info available)
C  [ntdll.dll+0x5af38]  (no source info available)


---------------  P R O C E S S  ---------------

Threads class SMR info:
_java_thread_list=0x000001d3c14fd190, length=17, elements={
0x000001d3c1139f80, 0x000001d3c113abe0, 0x000001d3c113c2f0, 0x000001d3c113f8c0,
0x000001d3c11428b0, 0x000001d3c1144410, 0x000001d3c11453c0, 0x000001d3c11573d0,
0x000001d3c13743c0, 0x000001d3c1514eb0, 0x000001d3c15f3800, 0x000001d3c160bc40,
0x000001d3c16101a0, 0x000001d3c167f650, 0x000001d3dc41f110, 0x000001d3c7380e00,
0x000001d3c133b7b0
}

Java Threads: ( => current thread )
  0x000001d3c1139f80 JavaThread "Reference Handler"          daemon [_thread_blocked, id=13556, stack(0x00000028f5b00000,0x00000028f5c00000) (1024K)]
  0x000001d3c113abe0 JavaThread "Finalizer"                  daemon [_thread_blocked, id=11164, stack(0x00000028f5c00000,0x00000028f5d00000) (1024K)]
  0x000001d3c113c2f0 JavaThread "Signal Dispatcher"          daemon [_thread_blocked, id=11072, stack(0x00000028f5d00000,0x00000028f5e00000) (1024K)]
  0x000001d3c113f8c0 JavaThread "Attach Listener"            daemon [_thread_blocked, id=15776, stack(0x00000028f5e00000,0x00000028f5f00000) (1024K)]
  0x000001d3c11428b0 JavaThread "Service Thread"             daemon [_thread_blocked, id=15572, stack(0x00000028f5f00000,0x00000028f6000000) (1024K)]
  0x000001d3c1144410 JavaThread "Monitor Deflation Thread"   daemon [_thread_blocked, id=6408, stack(0x00000028f6000000,0x00000028f6100000) (1024K)]
=>0x000001d3c11453c0 JavaThread "C2 CompilerThread0"         daemon [_thread_in_native, id=9636, stack(0x00000028f6100000,0x00000028f6200000) (1024K)]
  0x000001d3c11573d0 JavaThread "C1 CompilerThread0"         daemon [_thread_blocked, id=3872, stack(0x00000028f6200000,0x00000028f6300000) (1024K)]
  0x000001d3c13743c0 JavaThread "Common-Cleaner"             daemon [_thread_blocked, id=1216, stack(0x00000028f6300000,0x00000028f6400000) (1024K)]
  0x000001d3c1514eb0 JavaThread "Notification Thread"        daemon [_thread_blocked, id=16028, stack(0x00000028f6400000,0x00000028f6500000) (1024K)]
  0x000001d3c15f3800 JavaThread "Java2D Disposer"            daemon [_thread_blocked, id=14508, stack(0x00000028f6500000,0x00000028f6600000) (1024K)]
  0x000001d3c160bc40 JavaThread "AWT-Shutdown"                      [_thread_blocked, id=10736, stack(0x00000028f6600000,0x00000028f6700000) (1024K)]
  0x000001d3c16101a0 JavaThread "AWT-Windows"                daemon [_thread_in_native, id=15808, stack(0x00000028f6700000,0x00000028f6800000) (1024K)]
  0x000001d3c167f650 JavaThread "AWT-EventQueue-0"                  [_thread_blocked, id=16340, stack(0x00000028f6800000,0x00000028f6900000) (1024K)]
  0x000001d3dc41f110 JavaThread "DestroyJavaVM"                     [_thread_blocked, id=5116, stack(0x00000028f5300000,0x00000028f5400000) (1024K)]
  0x000001d3c7380e00 JavaThread "TimerQueue"                 daemon [_thread_blocked, id=12892, stack(0x00000028f6c00000,0x00000028f6d00000) (1024K)]
  0x000001d3c133b7b0 JavaThread "mysql-cj-abandoned-connection-cleanup" daemon [_thread_blocked, id=7920, stack(0x00000028f6d00000,0x00000028f6e00000) (1024K)]
Total: 17

Other Threads:
  0x000001d3de63e620 VMThread "VM Thread"                           [id=9720, stack(0x00000028f5a00000,0x00000028f5b00000) (1024K)]
  0x000001d3c111d0e0 WatcherThread "VM Periodic Task Thread"        [id=11620, stack(0x00000028f5900000,0x00000028f5a00000) (1024K)]
  0x000001d3de5b3da0 WorkerThread "GC Thread#0"                     [id=8456, stack(0x00000028f5400000,0x00000028f5500000) (1024K)]
  0x000001d3c1638c40 WorkerThread "GC Thread#1"                     [id=12332, stack(0x00000028f6e00000,0x00000028f6f00000) (1024K)]
  0x000001d3c76292a0 WorkerThread "GC Thread#2"                     [id=12796, stack(0x00000028f6f00000,0x00000028f7000000) (1024K)]
  0x000001d3c7629650 WorkerThread "GC Thread#3"                     [id=7864, stack(0x00000028f7000000,0x00000028f7100000) (1024K)]
  0x000001d3de5bc650 ConcurrentGCThread "G1 Main Marker"            [id=12792, stack(0x00000028f5500000,0x00000028f5600000) (1024K)]
  0x000001d3de5bd720 WorkerThread "G1 Conc#0"                       [id=2872, stack(0x00000028f5600000,0x00000028f5700000) (1024K)]
  0x000001d3de616d70 ConcurrentGCThread "G1 Refine#0"               [id=6812, stack(0x00000028f5700000,0x00000028f5800000) (1024K)]
  0x000001d3de617790 ConcurrentGCThread "G1 Service"                [id=15264, stack(0x00000028f5800000,0x00000028f5900000) (1024K)]
Total: 10

Threads with active compile tasks:
C2 CompilerThread0  5626175 2494       4       sun.util.logging.PlatformLogger::isLoggable (23 bytes)
Total: 1

VM state: not at safepoint (normal execution)

VM Mutex/Monitor currently owned by a thread: None

Heap address: 0x00000000c3a00000, size: 966 MB, Compressed Oops mode: 32-bit

CDS archive(s) mapped at: [0x000001d380000000-0x000001d380c60000-0x000001d380c60000), size 12976128, SharedBaseAddress: 0x000001d380000000, ArchiveRelocationMode: 1.
Compressed class space mapped at: 0x000001d381000000-0x000001d3c1000000, reserved size: 1073741824
Narrow klass base: 0x000001d380000000, Narrow klass shift: 0, Narrow klass range: 0x41000000

GC Precious Log:
 CardTable entry size: 512
 Card Set container configuration: InlinePtr #cards 5 size 8 Array Of Cards #cards 12 size 40 Howl #buckets 4 coarsen threshold 1843 Howl Bitmap #cards 512 size 80 coarsen threshold 460 Card regions per heap region 1 cards per card region 2048
 CPUs: 4 total, 4 available
 Memory: 3863M
 Large Page Support: Disabled
 NUMA Support: Disabled
 Compressed Oops: Enabled (32-bit)
 Heap Region Size: 1M
 Heap Min Capacity: 8M
 Heap Initial Capacity: 62M
 Heap Max Capacity: 966M
 Pre-touch: Disabled
 Parallel Workers: 4
 Concurrent Workers: 1
 Concurrent Refinement Workers: 4
 Periodic GC: Disabled

Heap:
 garbage-first heap   total reserved 989184K, committed 63488K, used 20832K [0x00000000c3a00000, 0x0000000100000000)
  region size 1024K, 13 young (13312K), 2 survivors (2048K)
 Metaspace       used 19004K, committed 19328K, reserved 1114112K
  class space    used 2121K, committed 2304K, reserved 1048576K

Heap Regions: E=young(eden), S=young(survivor), O=old, HS=humongous(starts), HC=humongous(continues), CS=collection set, F=free, TAMS=top-at-mark-start, PB=parsable bottom
|   0|0x00000000c3a00000, 0x00000000c3b00000, 0x00000000c3b00000|100%|HS|  |TAMS 0x00000000c3a00000| PB 0x00000000c3a00000| Complete |  0
|   1|0x00000000c3b00000, 0x00000000c3c00000, 0x00000000c3c00000|100%|HC|  |TAMS 0x00000000c3b00000| PB 0x00000000c3b00000| Complete |  0
|   2|0x00000000c3c00000, 0x00000000c3d00000, 0x00000000c3d00000|100%|HC|  |TAMS 0x00000000c3c00000| PB 0x00000000c3c00000| Complete |  0
|   3|0x00000000c3d00000, 0x00000000c3e00000, 0x00000000c3e00000|100%| O|  |TAMS 0x00000000c3d00000| PB 0x00000000c3d00000| Untracked |  0
|   4|0x00000000c3e00000, 0x00000000c3e58000, 0x00000000c3f00000| 34%| O|  |TAMS 0x00000000c3e00000| PB 0x00000000c3e00000| Untracked |  0
|   5|0x00000000c3f00000, 0x00000000c4000000, 0x00000000c4000000|100%|HS|  |TAMS 0x00000000c3f00000| PB 0x00000000c3f00000| Complete |  0
|   6|0x00000000c4000000, 0x00000000c4100000, 0x00000000c4100000|100%|HS|  |TAMS 0x00000000c4000000| PB 0x00000000c4000000| Complete |  0
|   7|0x00000000c4100000, 0x00000000c4200000, 0x00000000c4200000|100%|HC|  |TAMS 0x00000000c4100000| PB 0x00000000c4100000| Complete |  0
|   8|0x00000000c4200000, 0x00000000c4300000, 0x00000000c4300000|100%|HC|  |TAMS 0x00000000c4200000| PB 0x00000000c4200000| Complete |  0
|   9|0x00000000c4300000, 0x00000000c4300000, 0x00000000c4400000|  0%| F|  |TAMS 0x00000000c4300000| PB 0x00000000c4300000| Untracked |  0
|  10|0x00000000c4400000, 0x00000000c4400000, 0x00000000c4500000|  0%| F|  |TAMS 0x00000000c4400000| PB 0x00000000c4400000| Untracked |  0
|  11|0x00000000c4500000, 0x00000000c4500000, 0x00000000c4600000|  0%| F|  |TAMS 0x00000000c4500000| PB 0x00000000c4500000| Untracked |  0
|  12|0x00000000c4600000, 0x00000000c4600000, 0x00000000c4700000|  0%| F|  |TAMS 0x00000000c4600000| PB 0x00000000c4600000| Untracked |  0
|  13|0x00000000c4700000, 0x00000000c4700000, 0x00000000c4800000|  0%| F|  |TAMS 0x00000000c4700000| PB 0x00000000c4700000| Untracked |  0
|  14|0x00000000c4800000, 0x00000000c4800000, 0x00000000c4900000|  0%| F|  |TAMS 0x00000000c4800000| PB 0x00000000c4800000| Untracked |  0
|  15|0x00000000c4900000, 0x00000000c4900000, 0x00000000c4a00000|  0%| F|  |TAMS 0x00000000c4900000| PB 0x00000000c4900000| Untracked |  0
|  16|0x00000000c4a00000, 0x00000000c4a00000, 0x00000000c4b00000|  0%| F|  |TAMS 0x00000000c4a00000| PB 0x00000000c4a00000| Untracked |  0
|  17|0x00000000c4b00000, 0x00000000c4b00000, 0x00000000c4c00000|  0%| F|  |TAMS 0x00000000c4b00000| PB 0x00000000c4b00000| Untracked |  0
|  18|0x00000000c4c00000, 0x00000000c4c00000, 0x00000000c4d00000|  0%| F|  |TAMS 0x00000000c4c00000| PB 0x00000000c4c00000| Untracked |  0
|  19|0x00000000c4d00000, 0x00000000c4d00000, 0x00000000c4e00000|  0%| F|  |TAMS 0x00000000c4d00000| PB 0x00000000c4d00000| Untracked |  0
|  20|0x00000000c4e00000, 0x00000000c4e00000, 0x00000000c4f00000|  0%| F|  |TAMS 0x00000000c4e00000| PB 0x00000000c4e00000| Untracked |  0
|  21|0x00000000c4f00000, 0x00000000c4f00000, 0x00000000c5000000|  0%| F|  |TAMS 0x00000000c4f00000| PB 0x00000000c4f00000| Untracked |  0
|  22|0x00000000c5000000, 0x00000000c5000000, 0x00000000c5100000|  0%| F|  |TAMS 0x00000000c5000000| PB 0x00000000c5000000| Untracked |  0
|  23|0x00000000c5100000, 0x00000000c5100000, 0x00000000c5200000|  0%| F|  |TAMS 0x00000000c5100000| PB 0x00000000c5100000| Untracked |  0
|  24|0x00000000c5200000, 0x00000000c5200000, 0x00000000c5300000|  0%| F|  |TAMS 0x00000000c5200000| PB 0x00000000c5200000| Untracked |  0
|  25|0x00000000c5300000, 0x00000000c5300000, 0x00000000c5400000|  0%| F|  |TAMS 0x00000000c5300000| PB 0x00000000c5300000| Untracked |  0
|  26|0x00000000c5400000, 0x00000000c5400000, 0x00000000c5500000|  0%| F|  |TAMS 0x00000000c5400000| PB 0x00000000c5400000| Untracked |  0
|  27|0x00000000c5500000, 0x00000000c5500000, 0x00000000c5600000|  0%| F|  |TAMS 0x00000000c5500000| PB 0x00000000c5500000| Untracked |  0
|  28|0x00000000c5600000, 0x00000000c5600000, 0x00000000c5700000|  0%| F|  |TAMS 0x00000000c5600000| PB 0x00000000c5600000| Untracked |  0
|  29|0x00000000c5700000, 0x00000000c5700000, 0x00000000c5800000|  0%| F|  |TAMS 0x00000000c5700000| PB 0x00000000c5700000| Untracked |  0
|  30|0x00000000c5800000, 0x00000000c5800000, 0x00000000c5900000|  0%| F|  |TAMS 0x00000000c5800000| PB 0x00000000c5800000| Untracked |  0
|  31|0x00000000c5900000, 0x00000000c5900000, 0x00000000c5a00000|  0%| F|  |TAMS 0x00000000c5900000| PB 0x00000000c5900000| Untracked |  0
|  32|0x00000000c5a00000, 0x00000000c5a00000, 0x00000000c5b00000|  0%| F|  |TAMS 0x00000000c5a00000| PB 0x00000000c5a00000| Untracked |  0
|  33|0x00000000c5b00000, 0x00000000c5b00000, 0x00000000c5c00000|  0%| F|  |TAMS 0x00000000c5b00000| PB 0x00000000c5b00000| Untracked |  0
|  34|0x00000000c5c00000, 0x00000000c5c00000, 0x00000000c5d00000|  0%| F|  |TAMS 0x00000000c5c00000| PB 0x00000000c5c00000| Untracked |  0
|  35|0x00000000c5d00000, 0x00000000c5d00000, 0x00000000c5e00000|  0%| F|  |TAMS 0x00000000c5d00000| PB 0x00000000c5d00000| Untracked |  0
|  36|0x00000000c5e00000, 0x00000000c5e00000, 0x00000000c5f00000|  0%| F|  |TAMS 0x00000000c5e00000| PB 0x00000000c5e00000| Untracked |  0
|  37|0x00000000c5f00000, 0x00000000c5f00000, 0x00000000c6000000|  0%| F|  |TAMS 0x00000000c5f00000| PB 0x00000000c5f00000| Untracked |  0
|  38|0x00000000c6000000, 0x00000000c6000000, 0x00000000c6100000|  0%| F|  |TAMS 0x00000000c6000000| PB 0x00000000c6000000| Untracked |  0
|  39|0x00000000c6100000, 0x00000000c6100000, 0x00000000c6200000|  0%| F|  |TAMS 0x00000000c6100000| PB 0x00000000c6100000| Untracked |  0
|  40|0x00000000c6200000, 0x00000000c6200000, 0x00000000c6300000|  0%| F|  |TAMS 0x00000000c6200000| PB 0x00000000c6200000| Untracked |  0
|  41|0x00000000c6300000, 0x00000000c6300000, 0x00000000c6400000|  0%| F|  |TAMS 0x00000000c6300000| PB 0x00000000c6300000| Untracked |  0
|  42|0x00000000c6400000, 0x00000000c6400000, 0x00000000c6500000|  0%| F|  |TAMS 0x00000000c6400000| PB 0x00000000c6400000| Untracked |  0
|  43|0x00000000c6500000, 0x00000000c6500000, 0x00000000c6600000|  0%| F|  |TAMS 0x00000000c6500000| PB 0x00000000c6500000| Untracked |  0
|  44|0x00000000c6600000, 0x00000000c6600000, 0x00000000c6700000|  0%| F|  |TAMS 0x00000000c6600000| PB 0x00000000c6600000| Untracked |  0
|  45|0x00000000c6700000, 0x00000000c6700000, 0x00000000c6800000|  0%| F|  |TAMS 0x00000000c6700000| PB 0x00000000c6700000| Untracked |  0
|  46|0x00000000c6800000, 0x00000000c6900000, 0x00000000c6900000|100%| S|CS|TAMS 0x00000000c6800000| PB 0x00000000c6800000| Complete |  0
|  47|0x00000000c6900000, 0x00000000c6a00000, 0x00000000c6a00000|100%| S|CS|TAMS 0x00000000c6900000| PB 0x00000000c6900000| Complete |  0
|  48|0x00000000c6a00000, 0x00000000c6a00000, 0x00000000c6b00000|  0%| F|  |TAMS 0x00000000c6a00000| PB 0x00000000c6a00000| Untracked |  0
|  49|0x00000000c6b00000, 0x00000000c6b00000, 0x00000000c6c00000|  0%| F|  |TAMS 0x00000000c6b00000| PB 0x00000000c6b00000| Untracked |  0
|  50|0x00000000c6c00000, 0x00000000c6c00000, 0x00000000c6d00000|  0%| F|  |TAMS 0x00000000c6c00000| PB 0x00000000c6c00000| Untracked |  0
|  51|0x00000000c6d00000, 0x00000000c6da3f80, 0x00000000c6e00000| 64%| E|  |TAMS 0x00000000c6d00000| PB 0x00000000c6d00000| Complete |  0
|  52|0x00000000c6e00000, 0x00000000c6f00000, 0x00000000c6f00000|100%| E|CS|TAMS 0x00000000c6e00000| PB 0x00000000c6e00000| Complete |  0
|  53|0x00000000c6f00000, 0x00000000c7000000, 0x00000000c7000000|100%| E|CS|TAMS 0x00000000c6f00000| PB 0x00000000c6f00000| Complete |  0
|  54|0x00000000c7000000, 0x00000000c7100000, 0x00000000c7100000|100%| E|CS|TAMS 0x00000000c7000000| PB 0x00000000c7000000| Complete |  0
|  55|0x00000000c7100000, 0x00000000c7200000, 0x00000000c7200000|100%| E|CS|TAMS 0x00000000c7100000| PB 0x00000000c7100000| Complete |  0
|  56|0x00000000c7200000, 0x00000000c7300000, 0x00000000c7300000|100%| E|CS|TAMS 0x00000000c7200000| PB 0x00000000c7200000| Complete |  0
|  57|0x00000000c7300000, 0x00000000c7400000, 0x00000000c7400000|100%| E|CS|TAMS 0x00000000c7300000| PB 0x00000000c7300000| Complete |  0
|  58|0x00000000c7400000, 0x00000000c7500000, 0x00000000c7500000|100%| E|CS|TAMS 0x00000000c7400000| PB 0x00000000c7400000| Complete |  0
|  59|0x00000000c7500000, 0x00000000c7600000, 0x00000000c7600000|100%| E|CS|TAMS 0x00000000c7500000| PB 0x00000000c7500000| Complete |  0
|  60|0x00000000c7600000, 0x00000000c7700000, 0x00000000c7700000|100%| E|CS|TAMS 0x00000000c7600000| PB 0x00000000c7600000| Complete |  0
|  61|0x00000000c7700000, 0x00000000c7800000, 0x00000000c7800000|100%| E|CS|TAMS 0x00000000c7700000| PB 0x00000000c7700000| Complete |  0

Card table byte_map: [0x000001d3f5ac0000,0x000001d3f5cb0000] _byte_map_base: 0x000001d3f54a3000

Marking Bits: (CMBitMap*) 0x000001d3de5b44b0
 Bits: [0x000001d3f5cb0000, 0x000001d3f6bc8000)

Polling page: 0x000001d3dc710000

Metaspace:

Usage:
  Non-class:     16.49 MB used.
      Class:      2.07 MB used.
       Both:     18.56 MB used.

Virtual space:
  Non-class space:       64.00 MB reserved,      16.62 MB ( 26%) committed,  1 nodes.
      Class space:        1.00 GB reserved,       2.25 MB ( <1%) committed,  1 nodes.
             Both:        1.06 GB reserved,      18.88 MB (  2%) committed. 

Chunk freelists:
   Non-Class:  14.81 MB
       Class:  13.68 MB
        Both:  28.49 MB

MaxMetaspaceSize: unlimited
CompressedClassSpaceSize: 1.00 GB
Initial GC threshold: 21.00 MB
Current GC threshold: 21.00 MB
CDS: on
 - commit_granule_bytes: 65536.
 - commit_granule_words: 8192.
 - virtual_space_node_default_size: 8388608.
 - enlarge_chunks_in_place: 1.
 - use_allocation_guard: 0.


Internal statistics:

num_allocs_failed_limit: 0.
num_arena_births: 198.
num_arena_deaths: 0.
num_vsnodes_births: 2.
num_vsnodes_deaths: 0.
num_space_committed: 302.
num_space_uncommitted: 0.
num_chunks_returned_to_freelist: 0.
num_chunks_taken_from_freelist: 409.
num_chunk_merges: 0.
num_chunk_splits: 240.
num_chunks_enlarged: 131.
num_inconsistent_stats: 0.

CodeHeap 'non-profiled nmethods': size=120000Kb used=806Kb max_used=806Kb free=119194Kb
 bounds [0x000001d3ee3a0000, 0x000001d3ee610000, 0x000001d3f58d0000]
CodeHeap 'profiled nmethods': size=120000Kb used=4649Kb max_used=4649Kb free=115351Kb
 bounds [0x000001d3e68d0000, 0x000001d3e6d60000, 0x000001d3ede00000]
CodeHeap 'non-nmethods': size=5760Kb used=1953Kb max_used=1969Kb free=3807Kb
 bounds [0x000001d3ede00000, 0x000001d3ee070000, 0x000001d3ee3a0000]
 total_blobs=3251 nmethods=2492 adapters=662
 compilation: enabled
              stopped_count=0, restarted_count=0
 full_count=0

Compilation events (20 events):
Event: 1226.963 Thread 0x000001d3c11573d0 2485       3       java.io.File::<init> (111 bytes)
Event: 1226.967 Thread 0x000001d3c11573d0 nmethod 2485 0x000001d3e6d53690 code [0x000001d3e6d53940, 0x000001d3e6d544e0]
Event: 1231.964 Thread 0x000001d3c11573d0 2486   !   3       jdk.internal.loader.URLClassPath$FileLoader::getResource (153 bytes)
Event: 1231.973 Thread 0x000001d3c11573d0 nmethod 2486 0x000001d3e6d54910 code [0x000001d3e6d54c60, 0x000001d3e6d55d70]
Event: 1257.008 Thread 0x000001d3c11573d0 2487       3       jdk.internal.loader.URLClassPath$FileLoader::findResource (18 bytes)
Event: 1257.013 Thread 0x000001d3c11573d0 nmethod 2487 0x000001d3e6d56610 code [0x000001d3e6d567e0, 0x000001d3e6d56a60]
Event: 1297.074 Thread 0x000001d3c11573d0 2488   !   3       com.mysql.cj.jdbc.AbandonedConnectionCleanupThread::checkThreadContextClassLoader (20 bytes)
Event: 1297.092 Thread 0x000001d3c11573d0 nmethod 2488 0x000001d3e6d56b90 code [0x000001d3e6d56da0, 0x000001d3e6d573f8]
Event: 1302.081 Thread 0x000001d3c11573d0 2489       3       sun.net.util.IPAddressUtil::checkAuth (45 bytes)
Event: 1302.091 Thread 0x000001d3c11573d0 nmethod 2489 0x000001d3e6d57710 code [0x000001d3e6d579a0, 0x000001d3e6d58440]
Event: 1582.843 Thread 0x000001d3c11573d0 2490       3       sun.net.util.IPAddressUtil::scan (62 bytes)
Event: 1582.856 Thread 0x000001d3c11573d0 nmethod 2490 0x000001d3e6d58890 code [0x000001d3e6d58ac0, 0x000001d3e6d59380]
Event: 1813.236 Thread 0x000001d3c11453c0 2491       4       jdk.internal.misc.Unsafe::putIntOpaque (9 bytes)
Event: 1813.244 Thread 0x000001d3c11453c0 nmethod 2491 0x000001d3ee468f10 code [0x000001d3ee469080, 0x000001d3ee469118]
Event: 2419.428 Thread 0x000001d3c11453c0 2492       4       java.util.concurrent.locks.AbstractQueuedSynchronizer$Node::setStatusRelaxed (12 bytes)
Event: 2419.446 Thread 0x000001d3c11453c0 nmethod 2492 0x000001d3ee469210 code [0x000001d3ee469380, 0x000001d3ee469410]
Event: 4898.855 Thread 0x000001d3c11573d0 2493       1       sun.awt.image.SunVolatileImage::getGraphicsConfig (5 bytes)
Event: 4898.878 Thread 0x000001d3c11573d0 nmethod 2493 0x000001d3ee469510 code [0x000001d3ee4696a0, 0x000001d3ee469768]
Event: 5625.352 Thread 0x000001d3c11453c0 2494       4       sun.util.logging.PlatformLogger::isLoggable (23 bytes)
Event: 5625.522 Thread 0x000001d3c11573d0 2495       3       java.awt.Container::updateChildGraphicsData (55 bytes)

GC Heap History (2 events):
Event: 19.763 GC heap before
{Heap before GC invocations=0 (full 0):
 garbage-first heap   total reserved 989184K, committed 63488K, used 17408K [0x00000000c3a00000, 0x0000000100000000)
  region size 1024K, 14 young (14336K), 0 survivors (0K)
 Metaspace       used 12111K, committed 12352K, reserved 1114112K
  class space    used 1328K, committed 1408K, reserved 1048576K
}
Event: 19.770 GC heap after
{Heap after GC invocations=1 (full 0):
 garbage-first heap   total reserved 989184K, committed 63488K, used 6496K [0x00000000c3a00000, 0x0000000100000000)
  region size 1024K, 2 young (2048K), 2 survivors (2048K)
 Metaspace       used 12111K, committed 12352K, reserved 1114112K
  class space    used 1328K, committed 1408K, reserved 1048576K
}

Dll operation events (11 events):
Event: 0.016 Loaded shared library C:\Program Files\Java\jdk-22\bin\java.dll
Event: 0.052 Loaded shared library C:\Program Files\Java\jdk-22\bin\jsvml.dll
Event: 0.125 Loaded shared library C:\Program Files\Java\jdk-22\bin\net.dll
Event: 0.128 Loaded shared library C:\Program Files\Java\jdk-22\bin\nio.dll
Event: 0.170 Loaded shared library C:\Program Files\Java\jdk-22\bin\zip.dll
Event: 0.242 Loaded shared library C:\Program Files\Java\jdk-22\bin\jimage.dll
Event: 0.274 Loaded shared library C:\Program Files\Java\jdk-22\bin\awt.dll
Event: 0.581 Loaded shared library C:\Program Files\Java\jdk-22\bin\freetype.dll
Event: 0.584 Loaded shared library C:\Program Files\Java\jdk-22\bin\fontmanager.dll
Event: 19.686 Loaded shared library C:\Program Files\Java\jdk-22\bin\extnet.dll
Event: 19.989 Loaded shared library C:\Program Files\Java\jdk-22\bin\sunmscapi.dll

Deoptimization events (20 events):
Event: 19.851 Thread 0x000001d3c167f650 DEOPT PACKING pc=0x000001d3ee3ce29c sp=0x00000028f68fc690
Event: 19.851 Thread 0x000001d3c167f650 DEOPT UNPACKING pc=0x000001d3ede57da2 sp=0x00000028f68fc620 mode 2
Event: 19.933 Thread 0x000001d3c167f650 Uncommon trap: trap_request=0xffffffde fr.pc=0x000001d3ee3ce29c relative=0x0000000000000b9c
Event: 19.933 Thread 0x000001d3c167f650 Uncommon trap: reason=class_check action=maybe_recompile pc=0x000001d3ee3ce29c method=java.util.HashMap.resize()[Ljava/util/HashMap$Node; @ 200 c2
Event: 19.933 Thread 0x000001d3c167f650 DEOPT PACKING pc=0x000001d3ee3ce29c sp=0x00000028f68fc5e0
Event: 19.933 Thread 0x000001d3c167f650 DEOPT UNPACKING pc=0x000001d3ede57da2 sp=0x00000028f68fc570 mode 2
Event: 20.008 Thread 0x000001d3c167f650 Uncommon trap: trap_request=0xffffff45 fr.pc=0x000001d3ee3d1e38 relative=0x0000000000000278
Event: 20.008 Thread 0x000001d3c167f650 Uncommon trap: reason=unstable_if action=reinterpret pc=0x000001d3ee3d1e38 method=java.util.HashMap.putVal(ILjava/lang/Object;Ljava/lang/Object;ZZ)Ljava/lang/Object; @ 162 c2
Event: 20.008 Thread 0x000001d3c167f650 DEOPT PACKING pc=0x000001d3ee3d1e38 sp=0x00000028f68fb420
Event: 20.008 Thread 0x000001d3c167f650 DEOPT UNPACKING pc=0x000001d3ede57da2 sp=0x00000028f68fb358 mode 2
Event: 20.020 Thread 0x000001d3c167f650 Uncommon trap: trap_request=0xffffff45 fr.pc=0x000001d3ee3c6e30 relative=0x0000000000000190
Event: 20.020 Thread 0x000001d3c167f650 Uncommon trap: reason=unstable_if action=reinterpret pc=0x000001d3ee3c6e30 method=jdk.internal.util.ArraysSupport.vectorizedHashCode(Ljava/lang/Object;IIII)I @ 2 c2
Event: 20.020 Thread 0x000001d3c167f650 DEOPT PACKING pc=0x000001d3ee3c6e30 sp=0x00000028f68fb330
Event: 20.021 Thread 0x000001d3c167f650 DEOPT UNPACKING pc=0x000001d3ede57da2 sp=0x00000028f68fb2e0 mode 2
Event: 24.611 Thread 0x000001d3c167f650 Uncommon trap: trap_request=0xffffff45 fr.pc=0x000001d3ee3eefb8 relative=0x0000000000000098
Event: 24.611 Thread 0x000001d3c167f650 Uncommon trap: reason=unstable_if action=reinterpret pc=0x000001d3ee3eefb8 method=java.awt.Component.inside(II)Z @ 1 c2
Event: 24.611 Thread 0x000001d3c167f650 DEOPT PACKING pc=0x000001d3ee3eefb8 sp=0x00000028f68fd1d0
Event: 24.611 Thread 0x000001d3c167f650 DEOPT UNPACKING pc=0x000001d3ede57da2 sp=0x00000028f68fd060 mode 2
Event: 31.364 Thread 0x000001d3c167f650 DEOPT PACKING pc=0x000001d3e6c758ff sp=0x00000028f68fcac0
Event: 31.364 Thread 0x000001d3c167f650 DEOPT UNPACKING pc=0x000001d3ede588e2 sp=0x00000028f68fbf90 mode 0

Classes loaded (20 events):
Event: 21.161 Loading class java/awt/event/MouseWheelEvent
Event: 21.161 Loading class java/awt/event/MouseWheelEvent done
Event: 25.412 Loading class java/awt/KeyboardFocusManager$2
Event: 25.413 Loading class java/awt/KeyboardFocusManager$2 done
Event: 25.413 Loading class sun/awt/SunToolkit$1
Event: 25.413 Loading class sun/awt/SunToolkit$1 done
Event: 25.423 Loading class java/awt/Window$1DisposeAction
Event: 25.423 Loading class java/awt/Window$1DisposeAction done
Event: 25.425 Loading class java/awt/LightweightDispatcher$2
Event: 25.427 Loading class java/awt/LightweightDispatcher$2 done
Event: 27.115 Loading class java/awt/KeyboardFocusManager$4
Event: 27.115 Loading class java/awt/KeyboardFocusManager$4 done
Event: 41.417 Loading class javax/swing/text/GapContent$UndoPosRef
Event: 41.417 Loading class javax/swing/text/GapContent$UndoPosRef done
Event: 4897.698 Loading class java/util/WeakHashMap$KeyIterator
Event: 4897.789 Loading class java/util/WeakHashMap$HashIterator
Event: 4897.846 Loading class java/util/WeakHashMap$HashIterator done
Event: 4897.848 Loading class java/util/WeakHashMap$KeyIterator done
Event: 4899.179 Loading class javax/swing/RepaintManager$DisplayChangedRunnable
Event: 4899.521 Loading class javax/swing/RepaintManager$DisplayChangedRunnable done

Classes unloaded (0 events):
No events

Classes redefined (0 events):
No events

Internal exceptions (20 events):
Event: 0.291 Thread 0x000001d3dc41f110 Exception <a 'java/io/FileNotFoundException'{0x00000000c75e37a0}> (0x00000000c75e37a0) 
thrown [s\open\src\hotspot\share\prims\jni.cpp, line 520]
Event: 0.303 Thread 0x000001d3dc41f110 Exception <a 'java/io/FileNotFoundException'{0x00000000c7411c38}> (0x00000000c7411c38) 
thrown [s\open\src\hotspot\share\prims\jni.cpp, line 520]
Event: 0.396 Thread 0x000001d3dc41f110 Exception <a 'java/lang/NoSuchMethodError'{0x00000000c731b4f8}: 'void java.lang.invoke.DirectMethodHandle$Holder.invokeSpecial(java.lang.Object, java.lang.Object, java.lang.Object)'> (0x00000000c731b4f8) 
thrown [s\open\src\hotspot\share\interpreter\linkResolver.cpp, line 774]
Event: 0.405 Thread 0x000001d3dc41f110 Exception <a 'java/lang/NoSuchMethodError'{0x00000000c73417a0}: 'java.lang.Object java.lang.invoke.DirectMethodHandle$Holder.newInvokeSpecial(java.lang.Object, java.lang.Object, java.lang.Object, java.lang.Object, java.lang.Object)'> (0x00000000c73417a0) 
thrown [s\open\src\hotspot\share\interpreter\linkResolver.cpp, line 774]
Event: 0.411 Thread 0x000001d3dc41f110 Exception <a 'java/lang/NoSuchMethodError'{0x00000000c736e310}: 'java.lang.Object java.lang.invoke.DirectMethodHandle$Holder.invokeStatic(java.lang.Object, int, java.lang.Object)'> (0x00000000c736e310) 
thrown [s\open\src\hotspot\share\interpreter\linkResolver.cpp, line 774]
Event: 0.432 Thread 0x000001d3dc41f110 Exception <a 'java/lang/ClassNotFoundException'{0x00000000c7210388}: com/sun/swing/internal/plaf/metal/resources/spi/metalProvider> (0x00000000c7210388) 
thrown [s\open\src\hotspot\share\classfile\systemDictionary.cpp, line 313]
Event: 0.433 Thread 0x000001d3dc41f110 Exception <a 'java/lang/ClassNotFoundException'{0x00000000c72142e8}: com/sun/swing/internal/plaf/basic/resources/spi/basicProvider> (0x00000000c72142e8) 
thrown [s\open\src\hotspot\share\classfile\systemDictionary.cpp, line 313]
Event: 0.444 Thread 0x000001d3dc41f110 Exception <a 'java/lang/NoSuchMethodError'{0x00000000c72339d8}: 'int java.lang.invoke.Invokers$Holder.invokeExact_MT(java.lang.Object, java.lang.Object)'> (0x00000000c72339d8) 
thrown [s\open\src\hotspot\share\interpreter\linkResolver.cpp, line 774]
Event: 0.544 Thread 0x000001d3c16101a0 Exception <a 'java/lang/NoSuchMethodError'{0x00000000c74e5898}: 'void java.lang.invoke.DirectMethodHandle$Holder.invokeVirtual(java.lang.Object, java.lang.Object)'> (0x00000000c74e5898) 
thrown [s\open\src\hotspot\share\interpreter\linkResolver.cpp, line 774]
Event: 0.571 Thread 0x000001d3dc41f110 Exception <a 'java/lang/NoSuchMethodError'{0x00000000c7105d48}: 'void java.lang.invoke.DirectMethodHandle$Holder.invokeStaticInit(java.lang.Object)'> (0x00000000c7105d48) 
thrown [s\open\src\hotspot\share\interpreter\linkResolver.cpp, line 774]
Event: 19.511 Thread 0x000001d3c167f650 Exception <a 'java/lang/NoSuchMethodError'{0x00000000c6f16e78}: 'void java.lang.invoke.DirectMethodHandle$Holder.invokeStatic(java.lang.Object, java.lang.Object)'> (0x00000000c6f16e78) 
thrown [s\open\src\hotspot\share\interpreter\linkResolver.cpp, line 774]
Event: 19.543 Thread 0x000001d3c167f650 Exception <a 'java/lang/NoSuchMethodError'{0x00000000c6ffb5f0}: 'java.lang.Object java.lang.invoke.DirectMethodHandle$Holder.invokeInterface(java.lang.Object, java.lang.Object)'> (0x00000000c6ffb5f0) 
thrown [s\open\src\hotspot\share\interpreter\linkResolver.cpp, line 774]
Event: 19.577 Thread 0x000001d3c167f650 Exception <a 'java/lang/NoSuchMethodError'{0x00000000c6e73d00}: 'void java.lang.invoke.DirectMethodHandle$Holder.invokeStatic(java.lang.Object, java.lang.Object, java.lang.Object)'> (0x00000000c6e73d00) 
thrown [s\open\src\hotspot\share\interpreter\linkResolver.cpp, line 774]
Event: 19.578 Thread 0x000001d3c167f650 Exception <a 'java/lang/NoSuchMethodError'{0x00000000c6e7cf28}: 'java.lang.Object java.lang.invoke.DirectMethodHandle$Holder.invokeVirtual(java.lang.Object, java.lang.Object, java.lang.Object)'> (0x00000000c6e7cf28) 
thrown [s\open\src\hotspot\share\interpreter\linkResolver.cpp, line 774]
Event: 19.797 Thread 0x000001d3c167f650 Exception <a 'java/lang/NoSuchMethodError'{0x00000000c77a2b80}: 'void java.lang.invoke.DirectMethodHandle$Holder.invokeStaticInit(java.lang.Object, java.lang.Object)'> (0x00000000c77a2b80) 
thrown [s\open\src\hotspot\share\interpreter\linkResolver.cpp, line 774]
Event: 19.889 Thread 0x000001d3c167f650 Exception <a 'sun/nio/fs/WindowsException'{0x00000000c76edc90}> (0x00000000c76edc90) 
thrown [s\open\src\hotspot\share\prims\jni.cpp, line 520]
Event: 19.944 Thread 0x000001d3c167f650 Exception <a 'java/lang/NoSuchMethodError'{0x00000000c7593f98}: 'java.lang.Object java.lang.invoke.DirectMethodHandle$Holder.invokeStaticInit(java.lang.Object, int, int, int, int)'> (0x00000000c7593f98) 
thrown [s\open\src\hotspot\share\interpreter\linkResolver.cpp, line 774]
Event: 19.959 Thread 0x000001d3c167f650 Exception <a 'java/lang/NoSuchMethodError'{0x00000000c75bb698}: 'java.lang.Object java.lang.invoke.DirectMethodHandle$Holder.invokeStaticInit(java.lang.Object, java.lang.Object, int, int, int, int)'> (0x00000000c75bb698) 
thrown [s\open\src\hotspot\share\interpreter\linkResolver.cpp, line 774]
Event: 20.462 Thread 0x000001d3c7783890 Exception <a 'java/lang/NoSuchMethodError'{0x00000000c7097ca0}: 'java.lang.Object java.lang.invoke.DirectMethodHandle$Holder.newInvokeSpecial(java.lang.Object, java.lang.Object, java.lang.Object, int, int, int, int, int)'> (0x00000000c7097ca0) 
thrown [s\open\src\hotspot\share\interpreter\linkResolver.cpp, line 774]
Event: 20.526 Thread 0x000001d3c167f650 Exception <a 'java/lang/NoSuchMethodError'{0x00000000c7078690}: 'int java.lang.invoke.DirectMethodHandle$Holder.invokeStatic(java.lang.Object)'> (0x00000000c7078690) 
thrown [s\open\src\hotspot\share\interpreter\linkResolver.cpp, line 774]

ZGC Phase Switch (0 events):
No events

VM Operations (20 events):
Event: 44.649 Executing VM operation: Cleanup
Event: 44.649 Executing VM operation: Cleanup done
Event: 60.062 Executing VM operation: HandshakeAllThreads (HandshakeForDeflation)
Event: 60.062 Executing VM operation: HandshakeAllThreads (HandshakeForDeflation) done
Event: 60.062 Executing VM operation: RendezvousGCThreads
Event: 60.062 Executing VM operation: RendezvousGCThreads done
Event: 395.636 Executing VM operation: Cleanup
Event: 395.636 Executing VM operation: Cleanup done
Event: 459.156 Executing VM operation: Cleanup
Event: 459.157 Executing VM operation: Cleanup done
Event: 641.446 Executing VM operation: Cleanup
Event: 641.449 Executing VM operation: Cleanup done
Event: 1067.664 Executing VM operation: Cleanup
Event: 1067.665 Executing VM operation: Cleanup done
Event: 1197.605 Executing VM operation: Cleanup
Event: 1197.605 Executing VM operation: Cleanup done
Event: 1217.737 Executing VM operation: Cleanup
Event: 1217.737 Executing VM operation: Cleanup done
Event: 4900.537 Executing VM operation: Cleanup
Event: 4900.538 Executing VM operation: Cleanup done

Memory protections (0 events):
No events

Nmethod flushes (0 events):
No events

Events (20 events):
Event: 0.049 Thread 0x000001d3dc41f110 Thread added: 0x000001d3c113c2f0
Event: 0.049 Thread 0x000001d3dc41f110 Thread added: 0x000001d3c113f8c0
Event: 0.049 Thread 0x000001d3dc41f110 Thread added: 0x000001d3c11428b0
Event: 0.049 Thread 0x000001d3dc41f110 Thread added: 0x000001d3c1144410
Event: 0.049 Thread 0x000001d3dc41f110 Thread added: 0x000001d3c11453c0
Event: 0.049 Thread 0x000001d3dc41f110 Thread added: 0x000001d3c11573d0
Event: 0.090 Thread 0x000001d3dc41f110 Thread added: 0x000001d3c13743c0
Event: 0.158 Thread 0x000001d3dc41f110 Thread added: 0x000001d3c1514eb0
Event: 0.360 Thread 0x000001d3dc41f110 Thread added: 0x000001d3c15f3800
Event: 0.362 Thread 0x000001d3dc41f110 Thread added: 0x000001d3c160bc40
Event: 0.363 Thread 0x000001d3dc41f110 Thread added: 0x000001d3c16101a0
Event: 0.488 Thread 0x000001d3dc41f110 Thread added: 0x000001d3c167f650
Event: 0.782 Thread 0x000001d3dc41f110 Thread exited: 0x000001d3dc41f110
Event: 0.783 Thread 0x000001d3dc41f110 Thread added: 0x000001d3dc41f110
Event: 2.528 Thread 0x000001d3c167f650 Thread added: 0x000001d3c7380e00
Event: 19.513 Thread 0x000001d3c167f650 Thread added: 0x000001d3c133b7b0
Event: 20.101 Thread 0x000001d3c11573d0 Thread added: 0x000001d3c775a630
Event: 20.459 Thread 0x000001d3c167f650 Thread added: 0x000001d3c7783890
Event: 21.182 Thread 0x000001d3c775a630 Thread exited: 0x000001d3c775a630
Event: 25.471 Thread 0x000001d3c7783890 Thread exited: 0x000001d3c7783890


Dynamic libraries:
0x00007ff6d15d0000 - 0x00007ff6d15e0000 	C:\Program Files\Java\jdk-22\bin\java.exe
0x00007ffb79830000 - 0x00007ffb79a47000 	C:\WINDOWS\SYSTEM32\ntdll.dll
0x00007ffb79130000 - 0x00007ffb791f4000 	C:\WINDOWS\System32\KERNEL32.DLL
0x00007ffb76dc0000 - 0x00007ffb77179000 	C:\WINDOWS\System32\KERNELBASE.dll
0x00007ffb76b30000 - 0x00007ffb76c41000 	C:\WINDOWS\System32\ucrtbase.dll
0x00007ffb71310000 - 0x00007ffb71327000 	C:\Program Files\Java\jdk-22\bin\jli.dll
0x00007ffb713e0000 - 0x00007ffb713fb000 	C:\Program Files\Java\jdk-22\bin\VCRUNTIME140.dll
0x00007ffb77550000 - 0x00007ffb776fe000 	C:\WINDOWS\System32\USER32.dll
0x00007ffb77520000 - 0x00007ffb77546000 	C:\WINDOWS\System32\win32u.dll
0x00007ffb77880000 - 0x00007ffb778a9000 	C:\WINDOWS\System32\GDI32.dll
0x00007ffb64370000 - 0x00007ffb64602000 	C:\WINDOWS\WinSxS\amd64_microsoft.windows.common-controls_6595b64144ccf1df_6.0.22621.4391_none_2715d37f73803e96\COMCTL32.dll
0x00007ffb77400000 - 0x00007ffb7751b000 	C:\WINDOWS\System32\gdi32full.dll
0x00007ffb772a0000 - 0x00007ffb7733a000 	C:\WINDOWS\System32\msvcp_win.dll
0x00007ffb78cf0000 - 0x00007ffb78d97000 	C:\WINDOWS\System32\msvcrt.dll
0x00007ffb78b90000 - 0x00007ffb78bc1000 	C:\WINDOWS\System32\IMM32.DLL
0x00007ffb72230000 - 0x00007ffb7223c000 	C:\Program Files\Java\jdk-22\bin\vcruntime140_1.dll
0x00007ffb62190000 - 0x00007ffb6221e000 	C:\Program Files\Java\jdk-22\bin\msvcp140.dll
0x00007ffafe370000 - 0x00007ffaff0b9000 	C:\Program Files\Java\jdk-22\bin\server\jvm.dll
0x00007ffb79420000 - 0x00007ffb794d2000 	C:\WINDOWS\System32\ADVAPI32.dll
0x00007ffb78ad0000 - 0x00007ffb78b77000 	C:\WINDOWS\System32\sechost.dll
0x00007ffb77270000 - 0x00007ffb77298000 	C:\WINDOWS\System32\bcrypt.dll
0x00007ffb77900000 - 0x00007ffb77a14000 	C:\WINDOWS\System32\RPCRT4.dll
0x00007ffb77700000 - 0x00007ffb77771000 	C:\WINDOWS\System32\WS2_32.dll
0x00007ffb76a00000 - 0x00007ffb76a4d000 	C:\WINDOWS\SYSTEM32\POWRPROF.dll
0x00007ffb70f70000 - 0x00007ffb70fa4000 	C:\WINDOWS\SYSTEM32\WINMM.dll
0x00007ffb6c2a0000 - 0x00007ffb6c2aa000 	C:\WINDOWS\SYSTEM32\VERSION.dll
0x00007ffb769e0000 - 0x00007ffb769f3000 	C:\WINDOWS\SYSTEM32\UMPDC.dll
0x00007ffb75b70000 - 0x00007ffb75b88000 	C:\WINDOWS\SYSTEM32\kernel.appcore.dll
0x00007ffb71370000 - 0x00007ffb7137a000 	C:\Program Files\Java\jdk-22\bin\jimage.dll
0x00007ffb74390000 - 0x00007ffb745c2000 	C:\WINDOWS\SYSTEM32\DBGHELP.DLL
0x00007ffb78da0000 - 0x00007ffb7912f000 	C:\WINDOWS\System32\combase.dll
0x00007ffb78760000 - 0x00007ffb78837000 	C:\WINDOWS\System32\OLEAUT32.dll
0x00007ffb5a6b0000 - 0x00007ffb5a6e2000 	C:\WINDOWS\SYSTEM32\dbgcore.DLL
0x00007ffb77180000 - 0x00007ffb771fb000 	C:\WINDOWS\System32\bcryptPrimitives.dll
0x00007ffb71380000 - 0x00007ffb7139e000 	C:\Program Files\Java\jdk-22\bin\java.dll
0x00007ffb77ec0000 - 0x00007ffb78736000 	C:\WINDOWS\System32\SHELL32.dll
0x00007ffb79640000 - 0x00007ffb797e5000 	C:\WINDOWS\System32\ole32.dll
0x00007ffb74a70000 - 0x00007ffb75373000 	C:\WINDOWS\SYSTEM32\windows.storage.dll
0x00007ffb74930000 - 0x00007ffb74a6f000 	C:\WINDOWS\SYSTEM32\wintypes.dll
0x00007ffb77780000 - 0x00007ffb77879000 	C:\WINDOWS\System32\SHCORE.dll
0x00007ffb78be0000 - 0x00007ffb78c3e000 	C:\WINDOWS\System32\shlwapi.dll
0x00007ffb76a60000 - 0x00007ffb76a8b000 	C:\WINDOWS\SYSTEM32\profapi.dll
0x00007ffb67f70000 - 0x00007ffb68047000 	C:\Program Files\Java\jdk-22\bin\jsvml.dll
0x00007ffb71360000 - 0x00007ffb71370000 	C:\Program Files\Java\jdk-22\bin\net.dll
0x00007ffb75ff0000 - 0x00007ffb76059000 	C:\WINDOWS\system32\mswsock.dll
0x00007ffb71340000 - 0x00007ffb71356000 	C:\Program Files\Java\jdk-22\bin\nio.dll
0x00007ffb6ff90000 - 0x00007ffb6ffa7000 	C:\Program Files\Java\jdk-22\bin\zip.dll
0x00007ffb51a70000 - 0x00007ffb51bfe000 	C:\Program Files\Java\jdk-22\bin\awt.dll
0x00007ffb720c0000 - 0x00007ffb72157000 	C:\WINDOWS\SYSTEM32\apphelp.dll
0x00007ffb73d90000 - 0x00007ffb73dbb000 	C:\WINDOWS\system32\DWMAPI.DLL
0x00007ffb73b70000 - 0x00007ffb73c21000 	C:\WINDOWS\system32\uxtheme.dll
0x00007ffb4ade0000 - 0x00007ffb4aee0000 	C:\WINDOWS\system32\opengl32.dll
0x00007ffb4ad70000 - 0x00007ffb4ad9d000 	C:\WINDOWS\SYSTEM32\GLU32.dll
0x00007ffb73df0000 - 0x00007ffb73e27000 	C:\WINDOWS\SYSTEM32\dxcore.dll
0x00007ffb794e0000 - 0x00007ffb79640000 	C:\WINDOWS\System32\MSCTF.dll
0x00007ffb58ce0000 - 0x00007ffb58d67000 	C:\Program Files\Java\jdk-22\bin\freetype.dll
0x00007ffb52860000 - 0x00007ffb52937000 	C:\Program Files\Java\jdk-22\bin\fontmanager.dll
0x00007ffb78c40000 - 0x00007ffb78cf0000 	C:\WINDOWS\System32\clbcatq.dll
0x00007ffb73900000 - 0x00007ffb73ab0000 	C:\WINDOWS\SYSTEM32\WindowsCodecs.dll
0x00007ffb47830000 - 0x00007ffb4788e000 	C:\WINDOWS\system32\dataexchange.dll
0x00007ffb6d790000 - 0x00007ffb6da34000 	C:\WINDOWS\system32\twinapi.appcore.dll
0x00007ffb65090000 - 0x00007ffb651d5000 	C:\WINDOWS\SYSTEM32\textinputframework.dll
0x00007ffb71b90000 - 0x00007ffb71cc3000 	C:\WINDOWS\SYSTEM32\CoreMessaging.dll
0x00007ffb6e7c0000 - 0x00007ffb6eb2d000 	C:\WINDOWS\SYSTEM32\CoreUIComponents.dll
0x00007ffb76240000 - 0x00007ffb7624c000 	C:\WINDOWS\SYSTEM32\CRYPTBASE.DLL
0x00007ffb75650000 - 0x00007ffb75752000 	C:\WINDOWS\SYSTEM32\DNSAPI.dll
0x00007ffb755e0000 - 0x00007ffb7560d000 	C:\WINDOWS\SYSTEM32\IPHLPAPI.DLL
0x00007ffb78b80000 - 0x00007ffb78b89000 	C:\WINDOWS\System32\NSI.dll
0x00007ffb61210000 - 0x00007ffb6121a000 	C:\Windows\System32\rasadhlp.dll
0x00007ffb6cc10000 - 0x00007ffb6cc93000 	C:\WINDOWS\System32\fwpuclnt.dll
0x00007ffb6ff80000 - 0x00007ffb6ff89000 	C:\Program Files\Java\jdk-22\bin\extnet.dll
0x00007ffb76250000 - 0x00007ffb7626b000 	C:\WINDOWS\SYSTEM32\CRYPTSP.dll
0x00007ffb75ad0000 - 0x00007ffb75b05000 	C:\WINDOWS\system32\rsaenh.dll
0x00007ffb760e0000 - 0x00007ffb76108000 	C:\WINDOWS\SYSTEM32\USERENV.dll
0x00007ffb70190000 - 0x00007ffb7019e000 	C:\Program Files\Java\jdk-22\bin\sunmscapi.dll
0x00007ffb76c50000 - 0x00007ffb76db6000 	C:\WINDOWS\System32\CRYPT32.dll
0x00007ffb763e0000 - 0x00007ffb7640d000 	C:\WINDOWS\SYSTEM32\ncrypt.dll
0x00007ffb763a0000 - 0x00007ffb763d7000 	C:\WINDOWS\SYSTEM32\NTASN1.dll
0x00007ffb65ac0000 - 0x00007ffb65b71000 	C:\WINDOWS\SYSTEM32\TextShaping.dll

dbghelp: loaded successfully - version: 4.0.5 - missing functions: none
symbol engine: initialized successfully - sym options: 0x614 - pdb path: .;C:\Program Files\Java\jdk-22\bin;C:\WINDOWS\SYSTEM32;C:\WINDOWS\WinSxS\amd64_microsoft.windows.common-controls_6595b64144ccf1df_6.0.22621.4391_none_2715d37f73803e96;C:\Program Files\Java\jdk-22\bin\server

VM Arguments:
jvm_args: -Dfile.encoding=UTF-8 --module-path=E:\DBATU\Job.Board.Platform\build\classes 
java_command: job.board.platform.JobSeekerDashboard
java_class_path (initial): C:\Users\DELL\Desktop\jcalendar-1.4.jar;C:\Users\DELL\Desktop\mysql-connector-java-8.0.28 (1).jar;C:\Users\DELL\Desktop\rs2xml.jar;E:\DBATU\Job.Board.Platform\build\classes
Launcher Type: SUN_STANDARD

[Global flags]
     intx CICompilerCount                          = 3                                         {product} {ergonomic}
     uint ConcGCThreads                            = 1                                         {product} {ergonomic}
     uint G1ConcRefinementThreads                  = 4                                         {product} {ergonomic}
   size_t G1HeapRegionSize                         = 1048576                                   {product} {ergonomic}
   size_t InitialHeapSize                          = 65011712                                  {product} {ergonomic}
   size_t MarkStackSize                            = 4194304                                   {product} {ergonomic}
   size_t MaxHeapSize                              = 1012924416                                {product} {ergonomic}
   size_t MaxNewSize                               = 607125504                                 {product} {ergonomic}
   size_t MinHeapDeltaBytes                        = 1048576                                   {product} {ergonomic}
   size_t MinHeapSize                              = 8388608                                   {product} {ergonomic}
    uintx NonNMethodCodeHeapSize                   = 5832780                                {pd product} {ergonomic}
    uintx NonProfiledCodeHeapSize                  = 122912730                              {pd product} {ergonomic}
    uintx ProfiledCodeHeapSize                     = 122912730                              {pd product} {ergonomic}
    uintx ReservedCodeCacheSize                    = 251658240                              {pd product} {ergonomic}
     bool SegmentedCodeCache                       = true                                      {product} {ergonomic}
   size_t SoftMaxHeapSize                          = 1012924416                             {manageable} {ergonomic}
     bool UseCompressedOops                        = true                           {product lp64_product} {ergonomic}
     bool UseG1GC                                  = true                                      {product} {ergonomic}
     bool UseLargePagesIndividualAllocation        = false                                  {pd product} {ergonomic}

Logging:
Log output configuration:
 #0: stdout all=warning uptime,level,tags foldmultilines=false
 #1: stderr all=off uptime,level,tags foldmultilines=false

Environment Variables:
PATH=C:\Program Files\Common Files\Oracle\Java\javapath;C:\Program Files\Python312\Scripts\;C:\Program Files\Python312\;C:\WINDOWS\system32;C:\WINDOWS;C:\WINDOWS\System32\Wbem;C:\WINDOWS\System32\WindowsPowerShell\v1.0\;C:\WINDOWS\System32\OpenSSH\;C:\Program Files\dotnet\;C:\Program Files\Microsoft SQL Server\150\Tools\Binn\;C:\Program Files\Microsoft SQL Server\Client SDK\ODBC\170\Tools\Binn\;C:\Program Files\Java\jdk-22\bin;C:\Program Files\nodejs\;C:\ProgramData\chocolatey\bin;C:\Program Files\MySQL\MySQL Server 9.0\bin;C:\Users\DELL\AppData\Local\Microsoft\WindowsApps;C:\Users\DELL\AppData\Local\Programs\Microsoft VS Code\bin;C:\Users\DELL\.dotnet\tools;C:\Users\DELL\AppData\Roaming\npm;
USERNAME=DELL
OS=Windows_NT
PROCESSOR_IDENTIFIER=Intel64 Family 6 Model 126 Stepping 5, GenuineIntel
TMP=C:\Users\DELL\AppData\Local\Temp
TEMP=C:\Users\DELL\AppData\Local\Temp




Periodic native trim disabled

---------------  S Y S T E M  ---------------

OS:
 Windows 11 , 64 bit Build 22621 (10.0.22621.4391)
OS uptime: 0 days 7:06 hours

CPU: total 4 (initial active 4) (2 cores per cpu, 2 threads per core) family 6 model 126 stepping 5 microcode 0xc6, cx8, cmov, fxsr, ht, mmx, 3dnowpref, sse, sse2, sse3, ssse3, sse4.1, sse4.2, popcnt, lzcnt, tsc, tscinvbit, avx, avx2, aes, erms, clmul, bmi1, bmi2, adx, avx512f, avx512dq, avx512cd, avx512bw, avx512vl, sha, fma, vzeroupper, avx512_vpopcntdq, avx512_vpclmulqdq, avx512_vaes, avx512_vnni, clflush, clflushopt, avx512_vbmi2, avx512_vbmi, rdtscp, rdpid, fsrm, gfni, avx512_bitalg, f16c, pku, avx512_ifma
Processor Information for all 4 processors :
  Max Mhz: 1190, Current Mhz: 1190, Mhz Limit: 1190

Memory: 4k page, system-wide physical 3863M (114M free)
TotalPageFile size 15639M (AvailPageFile size 0M)
current process WorkingSet (physical memory assigned to process): 16M, peak: 118M
current process commit charge ("private bytes"): 170M, peak: 186M

vm_info: Java HotSpot(TM) 64-Bit Server VM (22.0.2+9-70) for windows-amd64 JRE (22.0.2+9-70), built on 2024-06-04T16:52:23Z by "mach5one" with MS VC++ 17.6 (VS2022)

END.
