#
# There is insufficient memory for the Java Runtime Environment to continue.
# Native memory allocation (mmap) failed to map 65011712 bytes. Error detail: G1 virtual space
# Possible reasons:
#   The system is out of physical RAM or swap space
#   This process is running with CompressedOops enabled, and the Java Heap may be blocking the growth of the native heap
# Possible solutions:
#   Reduce memory load on the system
#   Increase physical memory or swap space
#   Check if swap backing store is full
#   Decrease Java heap size (-Xmx/-Xms)
#   Decrease number of Java threads
#   Decrease Java thread stack sizes (-Xss)
#   Set larger code cache with -XX:ReservedCodeCacheSize=
#   JVM is running with Unscaled Compressed Oops mode in which the Java heap is
#     placed in the first 4GB address space. The Java Heap base address is the
#     maximum limit for the native heap growth. Please use -XX:HeapBaseMinAddress
#     to set the Java Heap base and to place the Java Heap above 4GB virtual address.
# This output file may be truncated or incomplete.
#
#  Out of Memory Error (os_windows.cpp:3631), pid=19648, tid=16820
#
# JRE version:  (22.0.2+9) (build )
# Java VM: Java HotSpot(TM) 64-Bit Server VM (22.0.2+9-70, mixed mode, sharing, tiered, compressed oops, compressed class ptrs, g1 gc, windows-amd64)
# No core dump will be written. Minidumps are not enabled by default on client versions of Windows
#

---------------  S U M M A R Y ------------

Command Line: -Dfile.encoding=UTF-8 --module-path=E:\DBATU\Job.Board.Platform\build\classes job.board.platform.JobSeekerDashboard

Host: Intel(R) Core(TM) i3-1005G1 CPU @ 1.20GHz, 4 cores, 3G,  Windows 11 , 64 bit Build 22621 (10.0.22621.4391)
Time: Fri Dec 13 03:08:23 2024 India Standard Time elapsed time: 1.452017 seconds (0d 0h 0m 1s)

---------------  T H R E A D  ---------------

Current thread (0x000001f431dfd1d0):  JavaThread "Unknown thread" [_thread_in_vm, id=16820, stack(0x0000000e8fa00000,0x0000000e8fb00000) (1024K)]

Stack: [0x0000000e8fa00000,0x0000000e8fb00000]
Native frames: (J=compiled Java code, j=interpreted, Vv=VM code, C=native code)
V  [jvm.dll+0x6e26e9]  (no source info available)
V  [jvm.dll+0x875753]  (no source info available)
V  [jvm.dll+0x877b7e]  (no source info available)
V  [jvm.dll+0x878253]  (no source info available)
V  [jvm.dll+0x27fc86]  (no source info available)
V  [jvm.dll+0x6ded85]  (no source info available)
V  [jvm.dll+0x6d388a]  (no source info available)
V  [jvm.dll+0x358b8a]  (no source info available)
V  [jvm.dll+0x3610b6]  (no source info available)
V  [jvm.dll+0x3b419e]  (no source info available)
V  [jvm.dll+0x3b4448]  (no source info available)
V  [jvm.dll+0x32c5ec]  (no source info available)
V  [jvm.dll+0x32d258]  (no source info available)
V  [jvm.dll+0x83d5ac]  (no source info available)
V  [jvm.dll+0x3c10d1]  (no source info available)
V  [jvm.dll+0x8264cc]  (no source info available)
V  [jvm.dll+0x45bd5e]  (no source info available)
V  [jvm.dll+0x45dbe1]  (no source info available)
C  [jli.dll+0x52a3]  (no source info available)
C  [ucrtbase.dll+0x29333]  (no source info available)
C  [KERNEL32.DLL+0x1259d]  (no source info available)
C  [ntdll.dll+0x5af38]  (no source info available)


---------------  P R O C E S S  ---------------

Threads class SMR info:
_java_thread_list=0x00007ffafef5c1c8, length=0, elements={
}

Java Threads: ( => current thread )
Total: 0

Other Threads:
  0x000001f434051c50 WorkerThread "GC Thread#0"                     [id=14568, stack(0x0000000e8fb00000,0x0000000e8fc00000) (1024K)]
  0x000001f43405ae50 ConcurrentGCThread "G1 Main Marker"            [id=19452, stack(0x0000000e8fc00000,0x0000000e8fd00000) (1024K)]
  0x000001f43405b960 WorkerThread "G1 Conc#0"                       [id=6952, stack(0x0000000e8fd00000,0x0000000e8fe00000) (1024K)]

[error occurred during error reporting (printing all threads), id 0xc0000005, EXCEPTION_ACCESS_VIOLATION (0xc0000005) at pc=0x00007ffafe6af517]
VM state: not at safepoint (not fully initialized)

VM Mutex/Monitor currently owned by a thread:  ([mutex/lock_event])
[0x00007ffafefdcc80] Heap_lock - owner thread: 0x000001f431dfd1d0

Heap address: 0x00000000c3a00000, size: 966 MB, Compressed Oops mode: 32-bit

CDS archive(s) mapped at: [0x0000000000000000-0x0000000000000000-0x0000000000000000), size 0, SharedBaseAddress: 0x0000000800000000, ArchiveRelocationMode: 1.
Narrow klass base: 0x0000000000000000, Narrow klass shift: 0, Narrow klass range: 0x0

GC Precious Log:
 CardTable entry size: 512
 Card Set container configuration: InlinePtr #cards 5 size 8 Array Of Cards #cards 12 size 40 Howl #buckets 4 coarsen threshold 1843 Howl Bitmap #cards 512 size 80 coarsen threshold 460 Card regions per heap region 1 cards per card region 2048

Heap:
 garbage-first heap   total reserved 989184K, committed 0K, used 0K [0x00000000c3a00000, 0x0000000100000000)
  region size 1024K, 0 young (0K), 0 survivors (0K)

[error occurred during error reporting (printing heap information), id 0xc0000005, EXCEPTION_ACCESS_VIOLATION (0xc0000005) at pc=0x00007ffafeaae869]
GC Heap History (0 events):
No events

Dll operation events (1 events):
Event: 0.028 Loaded shared library C:\Program Files\Java\jdk-22\bin\java.dll

Deoptimization events (0 events):
No events

Classes loaded (0 events):
No events

Classes unloaded (0 events):
No events

Classes redefined (0 events):
No events

Internal exceptions (0 events):
No events

ZGC Phase Switch (0 events):
No events

VM Operations (0 events):
No events

Memory protections (0 events):
No events

Nmethod flushes (0 events):
No events

Events (0 events):
No events


Dynamic libraries:
0x00007ff6d15d0000 - 0x00007ff6d15e0000 	C:\Program Files\Java\jdk-22\bin\java.exe
0x00007ffb79830000 - 0x00007ffb79a47000 	C:\WINDOWS\SYSTEM32\ntdll.dll
0x00007ffb79130000 - 0x00007ffb791f4000 	C:\WINDOWS\System32\KERNEL32.DLL
0x00007ffb76dc0000 - 0x00007ffb77179000 	C:\WINDOWS\System32\KERNELBASE.dll
0x00007ffb76b30000 - 0x00007ffb76c41000 	C:\WINDOWS\System32\ucrtbase.dll
0x00007ffb71310000 - 0x00007ffb71327000 	C:\Program Files\Java\jdk-22\bin\jli.dll
0x00007ffb713e0000 - 0x00007ffb713fb000 	C:\Program Files\Java\jdk-22\bin\VCRUNTIME140.dll
0x00007ffb77550000 - 0x00007ffb776fe000 	C:\WINDOWS\System32\USER32.dll
0x00007ffb77520000 - 0x00007ffb77546000 	C:\WINDOWS\System32\win32u.dll
0x00007ffb77880000 - 0x00007ffb778a9000 	C:\WINDOWS\System32\GDI32.dll
0x00007ffb64370000 - 0x00007ffb64602000 	C:\WINDOWS\WinSxS\amd64_microsoft.windows.common-controls_6595b64144ccf1df_6.0.22621.4391_none_2715d37f73803e96\COMCTL32.dll
0x00007ffb77400000 - 0x00007ffb7751b000 	C:\WINDOWS\System32\gdi32full.dll
0x00007ffb78cf0000 - 0x00007ffb78d97000 	C:\WINDOWS\System32\msvcrt.dll
0x00007ffb772a0000 - 0x00007ffb7733a000 	C:\WINDOWS\System32\msvcp_win.dll
0x00007ffb78b90000 - 0x00007ffb78bc1000 	C:\WINDOWS\System32\IMM32.DLL
0x00007ffb72230000 - 0x00007ffb7223c000 	C:\Program Files\Java\jdk-22\bin\vcruntime140_1.dll
0x00007ffb62190000 - 0x00007ffb6221e000 	C:\Program Files\Java\jdk-22\bin\msvcp140.dll
0x00007ffafe370000 - 0x00007ffaff0b9000 	C:\Program Files\Java\jdk-22\bin\server\jvm.dll
0x00007ffb79420000 - 0x00007ffb794d2000 	C:\WINDOWS\System32\ADVAPI32.dll
0x00007ffb78ad0000 - 0x00007ffb78b77000 	C:\WINDOWS\System32\sechost.dll
0x00007ffb77270000 - 0x00007ffb77298000 	C:\WINDOWS\System32\bcrypt.dll
0x00007ffb77900000 - 0x00007ffb77a14000 	C:\WINDOWS\System32\RPCRT4.dll
0x00007ffb77700000 - 0x00007ffb77771000 	C:\WINDOWS\System32\WS2_32.dll
0x00007ffb76a00000 - 0x00007ffb76a4d000 	C:\WINDOWS\SYSTEM32\POWRPROF.dll
0x00007ffb6c2a0000 - 0x00007ffb6c2aa000 	C:\WINDOWS\SYSTEM32\VERSION.dll
0x00007ffb70f70000 - 0x00007ffb70fa4000 	C:\WINDOWS\SYSTEM32\WINMM.dll
0x00007ffb769e0000 - 0x00007ffb769f3000 	C:\WINDOWS\SYSTEM32\UMPDC.dll
0x00007ffb75b70000 - 0x00007ffb75b88000 	C:\WINDOWS\SYSTEM32\kernel.appcore.dll
0x00007ffb71370000 - 0x00007ffb7137a000 	C:\Program Files\Java\jdk-22\bin\jimage.dll
0x00007ffb74390000 - 0x00007ffb745c2000 	C:\WINDOWS\SYSTEM32\DBGHELP.DLL
0x00007ffb78da0000 - 0x00007ffb7912f000 	C:\WINDOWS\System32\combase.dll
0x00007ffb78760000 - 0x00007ffb78837000 	C:\WINDOWS\System32\OLEAUT32.dll
0x00007ffb5a6b0000 - 0x00007ffb5a6e2000 	C:\WINDOWS\SYSTEM32\dbgcore.DLL
0x00007ffb77180000 - 0x00007ffb771fb000 	C:\WINDOWS\System32\bcryptPrimitives.dll
0x00007ffb71380000 - 0x00007ffb7139e000 	C:\Program Files\Java\jdk-22\bin\java.dll
0x00007ffb77ec0000 - 0x00007ffb78736000 	C:\WINDOWS\System32\SHELL32.dll
0x00007ffb79640000 - 0x00007ffb797e5000 	C:\WINDOWS\System32\ole32.dll

dbghelp: loaded successfully - version: 4.0.5 - missing functions: none
symbol engine: initialized successfully - sym options: 0x614 - pdb path: .;C:\Program Files\Java\jdk-22\bin;C:\WINDOWS\SYSTEM32;C:\WINDOWS\WinSxS\amd64_microsoft.windows.common-controls_6595b64144ccf1df_6.0.22621.4391_none_2715d37f73803e96;C:\Program Files\Java\jdk-22\bin\server

VM Arguments:
jvm_args: -Dfile.encoding=UTF-8 --module-path=E:\DBATU\Job.Board.Platform\build\classes 
java_command: job.board.platform.JobSeekerDashboard
java_class_path (initial): C:\Users\DELL\Desktop\jcalendar-1.4.jar;C:\Users\DELL\Desktop\mysql-connector-java-8.0.28 (1).jar;C:\Users\DELL\Desktop\rs2xml.jar;E:\DBATU\Job.Board.Platform\build\classes
Launcher Type: SUN_STANDARD

[Global flags]
     intx CICompilerCount                          = 3                                         {product} {ergonomic}
     uint ConcGCThreads                            = 1                                         {product} {ergonomic}
     uint G1ConcRefinementThreads                  = 4                                         {product} {ergonomic}
   size_t G1HeapRegionSize                         = 1048576                                   {product} {ergonomic}
   size_t InitialHeapSize                          = 65011712                                  {product} {ergonomic}
   size_t MarkStackSize                            = 4194304                                   {product} {ergonomic}
   size_t MaxHeapSize                              = 1012924416                                {product} {ergonomic}
   size_t MinHeapDeltaBytes                        = 1048576                                   {product} {ergonomic}
   size_t MinHeapSize                              = 8388608                                   {product} {ergonomic}
    uintx NonNMethodCodeHeapSize                   = 5832780                                {pd product} {ergonomic}
    uintx NonProfiledCodeHeapSize                  = 122912730                              {pd product} {ergonomic}
    uintx ProfiledCodeHeapSize                     = 122912730                              {pd product} {ergonomic}
    uintx ReservedCodeCacheSize                    = 251658240                              {pd product} {ergonomic}
     bool SegmentedCodeCache                       = true                                      {product} {ergonomic}
   size_t SoftMaxHeapSize                          = 1012924416                             {manageable} {ergonomic}
     bool UseCompressedOops                        = true                           {product lp64_product} {ergonomic}
     bool UseG1GC                                  = true                                      {product} {ergonomic}
     bool UseLargePagesIndividualAllocation        = false                                  {pd product} {ergonomic}

Logging:
Log output configuration:
 #0: stdout all=warning uptime,level,tags foldmultilines=false
 #1: stderr all=off uptime,level,tags foldmultilines=false

Environment Variables:
PATH=C:\Program Files\Common Files\Oracle\Java\javapath;C:\Program Files\Python312\Scripts\;C:\Program Files\Python312\;C:\WINDOWS\system32;C:\WINDOWS;C:\WINDOWS\System32\Wbem;C:\WINDOWS\System32\WindowsPowerShell\v1.0\;C:\WINDOWS\System32\OpenSSH\;C:\Program Files\dotnet\;C:\Program Files\Microsoft SQL Server\150\Tools\Binn\;C:\Program Files\Microsoft SQL Server\Client SDK\ODBC\170\Tools\Binn\;C:\Program Files\Java\jdk-22\bin;C:\Program Files\nodejs\;C:\ProgramData\chocolatey\bin;C:\Program Files\MySQL\MySQL Server 9.0\bin;C:\Users\DELL\AppData\Local\Microsoft\WindowsApps;C:\Users\DELL\AppData\Local\Programs\Microsoft VS Code\bin;C:\Users\DELL\.dotnet\tools;C:\Users\DELL\AppData\Roaming\npm;
USERNAME=DELL
OS=Windows_NT
PROCESSOR_IDENTIFIER=Intel64 Family 6 Model 126 Stepping 5, GenuineIntel
TMP=C:\Users\DELL\AppData\Local\Temp
TEMP=C:\Users\DELL\AppData\Local\Temp




Periodic native trim disabled

---------------  S Y S T E M  ---------------

OS:
 Windows 11 , 64 bit Build 22621 (10.0.22621.4391)
OS uptime: 0 days 6:51 hours

CPU: total 4 (initial active 4) (2 cores per cpu, 2 threads per core) family 6 model 126 stepping 5 microcode 0xc6, cx8, cmov, fxsr, ht, mmx, 3dnowpref, sse, sse2, sse3, ssse3, sse4.1, sse4.2, popcnt, lzcnt, tsc, tscinvbit, avx, avx2, aes, erms, clmul, bmi1, bmi2, adx, avx512f, avx512dq, avx512cd, avx512bw, avx512vl, sha, fma, vzeroupper, avx512_vpopcntdq, avx512_vpclmulqdq, avx512_vaes, avx512_vnni, clflush, clflushopt, avx512_vbmi2, avx512_vbmi, rdtscp, rdpid, fsrm, gfni, avx512_bitalg, f16c, pku, avx512_ifma
Processor Information for all 4 processors :
  Max Mhz: 1190, Current Mhz: 1190, Mhz Limit: 1190

Memory: 4k page, system-wide physical 3863M (116M free)
TotalPageFile size 15639M (AvailPageFile size 49M)
current process WorkingSet (physical memory assigned to process): 12M, peak: 12M
current process commit charge ("private bytes"): 52M, peak: 113M

vm_info: Java HotSpot(TM) 64-Bit Server VM (22.0.2+9-70) for windows-amd64 JRE (22.0.2+9-70), built on 2024-06-04T16:52:23Z by "mach5one" with MS VC++ 17.6 (VS2022)

END.
